Arguments: 
  E:\environment\Node.js\node.exe E:\environment\Node.js\node_global\node_modules\yarn\bin\yarn.js add @vuepress-reco/back-to-top

PATH: 
  E:\environment\golang\bin;E:\CUDN\Development\cudnn804\bin;E:\CUDN\Development\bin;E:\CUDN\Development\libnvvp;C:\Program Files (x86)\Intel\Intel(R) Management Engine Components\iCLS\;C:\Program Files\Intel\Intel(R) Management Engine Components\iCLS\;C:\Windows\system32;C:\Windows;C:\Windows\System32\Wbem;C:\Windows\System32\WindowsPowerShell\v1.0\;C:\Windows\System32\OpenSSH\;C:\Program Files (x86)\Intel\Intel(R) Management Engine Components\DAL;C:\Program Files\Intel\Intel(R) Management Engine Components\DAL;C:\Program Files (x86)\Intel\Intel(R) Management Engine Components\IPT;C:\Program Files\Intel\Intel(R) Management Engine Components\IPT;C:\Program Files\Intel\WiFi\bin\;C:\Program Files\Common Files\Intel\WirelessCommon\;C:\WINDOWS\system32;C:\WINDOWS;C:\WINDOWS\System32\Wbem;C:\WINDOWS\System32\WindowsPowerShell\v1.0\;C:\WINDOWS\System32\OpenSSH\;E:\environment\Node.js\node_global;E:\environment\Node.js\node_global\node_modules;E:\environment\Node.js;E:\MySQL\mysql-8.0.21-winx64\bin;E:\environment\golang\bin;D:\go\bin;E:\environment\Git\cmd;C:\Program Files\NVIDIA GPU Computing Toolkit\CUDA\v11.0\cudnn8.0.2\bin;C:\Program Files (x86)\NVIDIA Corporation\PhysX\Common;E:\environment\python3.8\Scripts\;E:\environment\python3.8\;C:\Users\10406\AppData\Local\Microsoft\WindowsApps;E:\environment\python3.9\;C:\Users\10406\AppData\Local\Programs\Microsoft VS Code\bin;E:\environment\python3.9\Scripts\;

Yarn version: 
  1.22.5

Node version: 
  12.18.0

Platform: 
  win32 x64

Trace: 
  Error: https://registry.npm.taobao.org/@vuepress-reco%2fback-to-top: Not found
      at Request.params.callback [as _callback] (E:\environment\Node.js\node_global\node_modules\yarn\lib\cli.js:66988:18)
      at Request.self.callback (E:\environment\Node.js\node_global\node_modules\yarn\lib\cli.js:140662:22)
      at Request.emit (events.js:315:20)
      at Request.<anonymous> (E:\environment\Node.js\node_global\node_modules\yarn\lib\cli.js:141634:10)
      at Request.emit (events.js:315:20)
      at IncomingMessage.<anonymous> (E:\environment\Node.js\node_global\node_modules\yarn\lib\cli.js:141556:12)
      at Object.onceWrapper (events.js:421:28)
      at IncomingMessage.emit (events.js:327:22)
      at endReadableNT (_stream_readable.js:1221:12)
      at processTicksAndRejections (internal/process/task_queues.js:84:21)

npm manifest: 
  {
    "name": "vuepress-blog",
    "version": "1.0.0",
    "main": "index.js",
    "license": "MIT",
    "scripts": {
      "docs:dev": "vuepress dev docs",
      "docs:build": "vuepress build docs"
    },
    "dependencies": {
      "vuepress-theme-reco": "^1.6.6"
    }
  }

yarn manifest: 
  No manifest

Lockfile: 
  # THIS IS AN AUTOGENERATED FILE. DO NOT EDIT THIS FILE DIRECTLY.
  # yarn lockfile v1
  
  
  "@babel/runtime@^7.10.2":
    version "7.13.10"
    resolved "https://registry.npm.taobao.org/@babel/runtime/download/@babel/runtime-7.13.10.tgz?cache=0&sync_timestamp=1615243066705&other_urls=https%3A%2F%2Fregistry.npm.taobao.org%2F%40babel%2Fruntime%2Fdownload%2F%40babel%2Fruntime-7.13.10.tgz#47d42a57b6095f4468da440388fdbad8bebf0d7d"
    integrity sha1-R9QqV7YJX0Ro2kQDiP262L6/DX0=
    dependencies:
      regenerator-runtime "^0.13.4"
  
  "@leancloud/adapter-types@^3.0.0":
    version "3.0.0"
    resolved "https://registry.npm.taobao.org/@leancloud/adapter-types/download/@leancloud/adapter-types-3.0.0.tgz#71c5e8e37065bea4914650848b55a6262d658577"
    integrity sha1-ccXo43BlvqSRRlCEi1WmJi1lhXc=
  
  "@leancloud/adapter-types@^5.0.0":
    version "5.0.0"
    resolved "https://registry.npm.taobao.org/@leancloud/adapter-types/download/@leancloud/adapter-types-5.0.0.tgz#38febab5232efee70744c09daa04ff053ebef70d"
    integrity sha1-OP66tSMu/ucHRMCdqgT/BT6+9w0=
  
  "@leancloud/adapter-utils@^1.2.2":
    version "1.2.2"
    resolved "https://registry.npm.taobao.org/@leancloud/adapter-utils/download/@leancloud/adapter-utils-1.2.2.tgz#e7e57b6a2d7ea949aa9889f33dec95ca94416a5d"
    integrity sha1-5+V7ai1+qUmqmInzPeyVypRBal0=
  
  "@leancloud/adapters-superagent@^1.4.2":
    version "1.4.2"
    resolved "https://registry.npm.taobao.org/@leancloud/adapters-superagent/download/@leancloud/adapters-superagent-1.4.2.tgz#6d4b416a6e38be10509453b158bba744f03414f3"
    integrity sha1-bUtBam44vhBQlFOxWLunRPA0FPM=
    dependencies:
      "@leancloud/adapter-types" "^5.0.0"
      "@leancloud/adapter-utils" "^1.2.2"
      "@types/superagent" "^4.1.7"
      superagent "^5.2.2"
  
  "@leancloud/platform-adapters-browser@^1.1.0":
    version "1.5.2"
    resolved "https://registry.npm.taobao.org/@leancloud/platform-adapters-browser/download/@leancloud/platform-adapters-browser-1.5.2.tgz#5c5220479ea4801b3db0e0184599e4339bb1ee46"
    integrity sha1-XFIgR56kgBs9sOAYRZnkM5ux7kY=
    dependencies:
      "@leancloud/adapter-types" "^5.0.0"
      "@leancloud/adapters-superagent" "^1.4.2"
  
  "@leancloud/platform-adapters-node@^1.1.0":
    version "1.5.2"
    resolved "https://registry.npm.taobao.org/@leancloud/platform-adapters-node/download/@leancloud/platform-adapters-node-1.5.2.tgz#0b4f47bb73da0a063f24c970b6b6dda95d54edb0"
    integrity sha1-C09Hu3PaCgY/JMlwtrbdqV1U7bA=
    dependencies:
      "@leancloud/adapter-types" "^5.0.0"
      "@leancloud/adapters-superagent" "^1.4.2"
      "@types/ws" "^7.2.2"
      localstorage-memory "^1.0.2"
      ws "^5.2.2"
  
  "@leancloud/platform-adapters-weapp@^1.2.0":
    version "1.6.1"
    resolved "https://registry.npm.taobao.org/@leancloud/platform-adapters-weapp/download/@leancloud/platform-adapters-weapp-1.6.1.tgz#20f8927769357491c19043396c0da14391c8260b"
    integrity sha1-IPiSd2k1dJHBkEM5bA2hQ5HIJgs=
    dependencies:
      "@leancloud/adapter-types" "^5.0.0"
      "@leancloud/adapter-utils" "^1.2.2"
      event-target-shim "^5.0.1"
      miniprogram-api-typings "^2.10.2"
  
  "@types/cookiejar@*":
    version "2.1.2"
    resolved "https://registry.npm.taobao.org/@types/cookiejar/download/@types/cookiejar-2.1.2.tgz#66ad9331f63fe8a3d3d9d8c6e3906dd10f6446e8"
    integrity sha1-Zq2TMfY/6KPT2djG45Bt0Q9kRug=
  
  "@types/node@*":
    version "14.14.37"
    resolved "https://registry.npm.taobao.org/@types/node/download/@types/node-14.14.37.tgz?cache=0&sync_timestamp=1616803582959&other_urls=https%3A%2F%2Fregistry.npm.taobao.org%2F%40types%2Fnode%2Fdownload%2F%40types%2Fnode-14.14.37.tgz#a3dd8da4eb84a996c36e331df98d82abd76b516e"
    integrity sha1-o92NpOuEqZbDbjMd+Y2Cq9drUW4=
  
  "@types/superagent@^4.1.7":
    version "4.1.10"
    resolved "https://registry.npm.taobao.org/@types/superagent/download/@types/superagent-4.1.10.tgz?cache=0&sync_timestamp=1613385638041&other_urls=https%3A%2F%2Fregistry.npm.taobao.org%2F%40types%2Fsuperagent%2Fdownload%2F%40types%2Fsuperagent-4.1.10.tgz#5e2cc721edf58f64fe9b819f326ee74803adee86"
    integrity sha1-XizHIe31j2T+m4GfMm7nSAOt7oY=
    dependencies:
      "@types/cookiejar" "*"
      "@types/node" "*"
  
  "@types/ws@^7.2.2":
    version "7.4.1"
    resolved "https://registry.npm.taobao.org/@types/ws/download/@types/ws-7.4.1.tgz#49eacb15a0534663d53a36fbf5b4d98f5ae9a73a"
    integrity sha1-SerLFaBTRmPVOjb79bTZj1rppzo=
    dependencies:
      "@types/node" "*"
  
  "@vssue/api-bitbucket-v2@^1.1.1":
    version "1.4.7"
    resolved "https://registry.npm.taobao.org/@vssue/api-bitbucket-v2/download/@vssue/api-bitbucket-v2-1.4.7.tgz#8727457ef6d21011b071f4a2520a89dca9092eb4"
    integrity sha1-hydFfvbSEBGwcfSiUgqJ3KkJLrQ=
    dependencies:
      "@vssue/utils" "^1.4.7"
      axios "^0.21.1"
  
  "@vssue/api-gitee-v5@^1.4.4":
    version "1.4.7"
    resolved "https://registry.npm.taobao.org/@vssue/api-gitee-v5/download/@vssue/api-gitee-v5-1.4.7.tgz#2bb0be18ef131fea109156c6792c16bea22dd4c9"
    integrity sha1-K7C+GO8TH+oQkVbGeSwWvqIt1Mk=
    dependencies:
      "@vssue/utils" "^1.4.7"
      axios "^0.21.1"
  
  "@vssue/api-github-v3@^1.1.2", "@vssue/api-github-v3@^1.4.4":
    version "1.4.7"
    resolved "https://registry.npm.taobao.org/@vssue/api-github-v3/download/@vssue/api-github-v3-1.4.7.tgz#7e30304111ac34b5785abe2f99be8dcc04e94cdf"
    integrity sha1-fjAwQRGsNLV4Wr4vmb6NzATpTN8=
    dependencies:
      "@vssue/utils" "^1.4.7"
      axios "^0.21.1"
  
  "@vssue/api-github-v4@^1.2.0":
    version "1.4.7"
    resolved "https://registry.npm.taobao.org/@vssue/api-github-v4/download/@vssue/api-github-v4-1.4.7.tgz#873554ec8e8351e5eeb8ca76246c2914b20e1bc4"
    integrity sha1-hzVU7I6DUeXuuMp2JGwpFLIOG8Q=
    dependencies:
      "@vssue/utils" "^1.4.7"
      axios "^0.21.1"
  
  "@vssue/api-gitlab-v4@^1.1.1":
    version "1.4.7"
    resolved "https://registry.npm.taobao.org/@vssue/api-gitlab-v4/download/@vssue/api-gitlab-v4-1.4.7.tgz#1cfa6caac33e9609104d8f1ad11491985110f8df"
    integrity sha1-HPpsqsM+lgkQTY8a0RSRmFEQ+N8=
    dependencies:
      "@vssue/utils" "^1.4.7"
      axios "^0.21.1"
  
  "@vssue/utils@^1.4.7":
    version "1.4.7"
    resolved "https://registry.npm.taobao.org/@vssue/utils/download/@vssue/utils-1.4.7.tgz#58a9ec2687d26080aa04cab17e8f87049f1342c3"
    integrity sha1-WKnsJofSYICqBMqxfo+HBJ8TQsM=
    dependencies:
      date-fns "^1.29.0"
      qs "^6.6.0"
  
  "@vssue/vuepress-plugin-vssue@^1.2.0":
    version "1.4.7"
    resolved "https://registry.npm.taobao.org/@vssue/vuepress-plugin-vssue/download/@vssue/vuepress-plugin-vssue-1.4.7.tgz#0dae37fb8cc5329859b8af0a57b62ebcf81bebb8"
    integrity sha1-Da43+4zFMphZuK8KV7YuvPgb67g=
    dependencies:
      vssue "^1.4.7"
  
  "@vue/composition-api@^1.0.0-beta.20":
    version "1.0.0-rc.6"
    resolved "https://registry.npm.taobao.org/@vue/composition-api/download/@vue/composition-api-1.0.0-rc.6.tgz?cache=0&sync_timestamp=1617030308841&other_urls=https%3A%2F%2Fregistry.npm.taobao.org%2F%40vue%2Fcomposition-api%2Fdownload%2F%40vue%2Fcomposition-api-1.0.0-rc.6.tgz#21ce2c169dd4ff17a5bf60c6e98863dff1a36540"
    integrity sha1-Ic4sFp3U/xelv2DG6Yhj3/GjZUA=
    dependencies:
      tslib "^2.1.0"
  
  "@vuepress-reco/core@^1.6.2":
    version "1.6.2"
    resolved "https://registry.npm.taobao.org/@vuepress-reco/core/download/@vuepress-reco/core-1.6.2.tgz#b6dcd2f7a4b71b57f06857fe183af6ff0663c8b1"
    integrity sha1-ttzS96S3G1fwaFf+GDr2/wZjyLE=
    dependencies:
      "@vue/composition-api" "^1.0.0-beta.20"
      vue "^2.6.12"
      vue-demi "^0.5.3"
      vue-property-decorator "^9.1.2"
  
  "@vuepress-reco/vuepress-plugin-back-to-top@^1.6.0":
    version "1.6.0"
    resolved "https://registry.npm.taobao.org/@vuepress-reco/vuepress-plugin-back-to-top/download/@vuepress-reco/vuepress-plugin-back-to-top-1.6.0.tgz#16cf1a6844f156c11d5135c646270c6734263eb6"
    integrity sha1-Fs8aaETxVsEdUTXGRicMZzQmPrY=
  
  "@vuepress-reco/vuepress-plugin-comments@^1.6.0":
    version "1.6.0"
    resolved "https://registry.npm.taobao.org/@vuepress-reco/vuepress-plugin-comments/download/@vuepress-reco/vuepress-plugin-comments-1.6.0.tgz#df9fb43ce032d429b4c6defcaef461420593f69f"
    integrity sha1-35+0POAy1Cm0xt78rvRhQgWT9p8=
    dependencies:
      "@vssue/api-bitbucket-v2" "^1.1.1"
      "@vssue/api-gitee-v5" "^1.4.4"
      "@vssue/api-github-v3" "^1.4.4"
      "@vssue/api-github-v4" "^1.2.0"
      "@vssue/api-gitlab-v4" "^1.1.1"
      valine "^1.4.14"
      vssue "^1.4.6"
  
  "@vuepress-reco/vuepress-plugin-loading-page@^1.6.0":
    version "1.6.0"
    resolved "https://registry.npm.taobao.org/@vuepress-reco/vuepress-plugin-loading-page/download/@vuepress-reco/vuepress-plugin-loading-page-1.6.0.tgz#34b72ed342dc9b15021d077ff8faeafe52146159"
    integrity sha1-NLcu00LcmxUCHQd/+Prq/lIUYVk=
  
  "@vuepress-reco/vuepress-plugin-pagation@^1.6.0":
    version "1.6.0"
    resolved "https://registry.npm.taobao.org/@vuepress-reco/vuepress-plugin-pagation/download/@vuepress-reco/vuepress-plugin-pagation-1.6.0.tgz#c632aae1638ff9c67fe58c39ab617132be9eeecb"
    integrity sha1-xjKq4WOP+cZ/5Yw5q2FxMr6e7ss=
  
  "@vuepress/plugin-blog@1.9.2":
    version "1.9.2"
    resolved "https://registry.npm.taobao.org/@vuepress/plugin-blog/download/@vuepress/plugin-blog-1.9.2.tgz#d463a218bf54b51a07b87eb703dc1cc9eddeef3c"
    integrity sha1-1GOiGL9UtRoHuH63A9wcye3e7zw=
    dependencies:
      "@vssue/api-github-v3" "^1.1.2"
      "@vssue/vuepress-plugin-vssue" "^1.2.0"
      dayjs "^1.8.19"
      vuejs-paginate "^2.1.0"
      vuepress-plugin-disqus "^0.2.0"
      vuepress-plugin-feed "^0.1.8"
      vuepress-plugin-mailchimp "^1.4.1"
      vuepress-plugin-sitemap "^2.3.1"
  
  "@vuepress/plugin-medium-zoom@1.5.0":
    version "1.5.0"
    resolved "https://registry.npm.taobao.org/@vuepress/plugin-medium-zoom/download/@vuepress/plugin-medium-zoom-1.5.0.tgz#99a574f6c52570ae16be3de529bdc556d09f88fe"
    integrity sha1-maV09sUlcK4Wvj3lKb3FVtCfiP4=
    dependencies:
      medium-zoom "^1.0.4"
  
  abbrev@1:
    version "1.1.1"
    resolved "https://registry.npm.taobao.org/abbrev/download/abbrev-1.1.1.tgz#f8f2c887ad10bf67f634f005b6987fed3179aac8"
    integrity sha1-+PLIh60Qv2f2NPAFtph/7TF5qsg=
  
  agentkeepalive@^2.2.0:
    version "2.2.0"
    resolved "https://registry.npm.taobao.org/agentkeepalive/download/agentkeepalive-2.2.0.tgz#c5d1bd4b129008f1163f236f86e5faea2026e2ef"
    integrity sha1-xdG9SxKQCPEWPyNvhuX66iAm4u8=
  
  ajv@^6.12.3:
    version "6.12.6"
    resolved "https://registry.npm.taobao.org/ajv/download/ajv-6.12.6.tgz?cache=0&sync_timestamp=1617383042649&other_urls=https%3A%2F%2Fregistry.npm.taobao.org%2Fajv%2Fdownload%2Fajv-6.12.6.tgz#baf5a62e802b07d977034586f8c3baf5adf26df4"
    integrity sha1-uvWmLoArB9l3A0WG+MO69a3ybfQ=
    dependencies:
      fast-deep-equal "^3.1.1"
      fast-json-stable-stringify "^2.0.0"
      json-schema-traverse "^0.4.1"
      uri-js "^4.2.2"
  
  algoliasearch@^3.24.5:
    version "3.35.1"
    resolved "https://registry.npm.taobao.org/algoliasearch/download/algoliasearch-3.35.1.tgz?cache=0&sync_timestamp=1615200586905&other_urls=https%3A%2F%2Fregistry.npm.taobao.org%2Falgoliasearch%2Fdownload%2Falgoliasearch-3.35.1.tgz#297d15f534a3507cab2f5dfb996019cac7568f0c"
    integrity sha1-KX0V9TSjUHyrL137mWAZysdWjww=
    dependencies:
      agentkeepalive "^2.2.0"
      debug "^2.6.9"
      envify "^4.0.0"
      es6-promise "^4.1.0"
      events "^1.1.0"
      foreach "^2.0.5"
      global "^4.3.2"
      inherits "^2.0.1"
      isarray "^2.0.1"
      load-script "^1.0.0"
      object-keys "^1.0.11"
      querystring-es3 "^0.2.1"
      reduce "^1.0.1"
      semver "^5.1.0"
      tunnel-agent "^0.6.0"
  
  ansi-regex@^2.0.0:
    version "2.1.1"
    resolved "https://registry.npm.taobao.org/ansi-regex/download/ansi-regex-2.1.1.tgz#c3b33ab5ee360d86e0e628f0468ae7ef27d654df"
    integrity sha1-w7M6te42DYbg5ijwRorn7yfWVN8=
  
  ascli@~1:
    version "1.0.1"
    resolved "https://registry.npm.taobao.org/ascli/download/ascli-1.0.1.tgz#bcfa5974a62f18e81cabaeb49732ab4a88f906bc"
    integrity sha1-vPpZdKYvGOgcq660lzKrSoj5Brw=
    dependencies:
      colour "~0.7.1"
      optjs "~3.2.2"
  
  asn1@~0.2.3:
    version "0.2.4"
    resolved "https://registry.npm.taobao.org/asn1/download/asn1-0.2.4.tgz#8d2475dfab553bb33e77b54e59e880bb8ce23136"
    integrity sha1-jSR136tVO7M+d7VOWeiAu4ziMTY=
    dependencies:
      safer-buffer "~2.1.0"
  
  assert-plus@1.0.0, assert-plus@^1.0.0:
    version "1.0.0"
    resolved "https://registry.npm.taobao.org/assert-plus/download/assert-plus-1.0.0.tgz#f12e0f3c5d77b0b1cdd9146942e4e96c1e4dd525"
    integrity sha1-8S4PPF13sLHN2RRpQuTpbB5N1SU=
  
  async-limiter@~1.0.0:
    version "1.0.1"
    resolved "https://registry.npm.taobao.org/async-limiter/download/async-limiter-1.0.1.tgz#dd379e94f0db8310b08291f9d64c3209766617fd"
    integrity sha1-3TeelPDbgxCwgpH51kwyCXZmF/0=
  
  asynckit@^0.4.0:
    version "0.4.0"
    resolved "https://registry.npm.taobao.org/asynckit/download/asynckit-0.4.0.tgz#c79ed97f7f34cb8f2ba1bc9790bcc366474b4b79"
    integrity sha1-x57Zf380y48robyXkLzDZkdLS3k=
  
  autocomplete.js@0.36.0:
    version "0.36.0"
    resolved "https://registry.npm.taobao.org/autocomplete.js/download/autocomplete.js-0.36.0.tgz#94fe775fe64b6cd42e622d076dc7fd26bedd837b"
    integrity sha1-lP53X+ZLbNQuYi0Hbcf9Jr7dg3s=
    dependencies:
      immediate "^3.2.3"
  
  aws-sign2@~0.7.0:
    version "0.7.0"
    resolved "https://registry.npm.taobao.org/aws-sign2/download/aws-sign2-0.7.0.tgz#b46e890934a9591f2d2f6f86d7e6a9f1b3fe76a8"
    integrity sha1-tG6JCTSpWR8tL2+G1+ap8bP+dqg=
  
  aws4@^1.8.0:
    version "1.11.0"
    resolved "https://registry.npm.taobao.org/aws4/download/aws4-1.11.0.tgz?cache=0&sync_timestamp=1604101166484&other_urls=https%3A%2F%2Fregistry.npm.taobao.org%2Faws4%2Fdownload%2Faws4-1.11.0.tgz#d61f46d83b2519250e2784daf5b09479a8b41c59"
    integrity sha1-1h9G2DslGSUOJ4Ta9bCUeai0HFk=
  
  axios@^0.21.1:
    version "0.21.1"
    resolved "https://registry.npm.taobao.org/axios/download/axios-0.21.1.tgz?cache=0&sync_timestamp=1608609215811&other_urls=https%3A%2F%2Fregistry.npm.taobao.org%2Faxios%2Fdownload%2Faxios-0.21.1.tgz#22563481962f4d6bde9a76d516ef0e5d3c09b2b8"
    integrity sha1-IlY0gZYvTWvemnbVFu8OXTwJsrg=
    dependencies:
      follow-redirects "^1.10.0"
  
  balajs@^1.0.7:
    version "1.0.10"
    resolved "https://registry.npm.taobao.org/balajs/download/balajs-1.0.10.tgz#6420df1e24fc72af5b5e9589cafe12852556d04b"
    integrity sha1-ZCDfHiT8cq9bXpWJyv4ShSVW0Es=
  
  balalaika@^1.0.1:
    version "1.0.1"
    resolved "https://registry.npm.taobao.org/balalaika/download/balalaika-1.0.1.tgz#0664147a257ea2ad4ae66451711e5266830d51d9"
    integrity sha1-BmQUeiV+oq1K5mRRcR5SZoMNUdk=
  
  balanced-match@^1.0.0:
    version "1.0.2"
    resolved "https://registry.npm.taobao.org/balanced-match/download/balanced-match-1.0.2.tgz?cache=0&other_urls=https%3A%2F%2Fregistry.npm.taobao.org%2Fbalanced-match%2Fdownload%2Fbalanced-match-1.0.2.tgz#e83e3a7e3f300b34cb9d87f615fa0cbf357690ee"
    integrity sha1-6D46fj8wCzTLnYf2FfoMvzV2kO4=
  
  base64-arraybuffer@^0.1.5:
    version "0.1.5"
    resolved "https://registry.npm.taobao.org/base64-arraybuffer/download/base64-arraybuffer-0.1.5.tgz#73926771923b5a19747ad666aa5cd4bf9c6e9ce8"
    integrity sha1-c5JncZI7Whl0etZmqlzUv5xunOg=
  
  bcrypt-pbkdf@^1.0.0:
    version "1.0.2"
    resolved "https://registry.npm.taobao.org/bcrypt-pbkdf/download/bcrypt-pbkdf-1.0.2.tgz#a4301d389b6a43f9b67ff3ca11a3f6637e360e9e"
    integrity sha1-pDAdOJtqQ/m2f/PKEaP2Y342Dp4=
    dependencies:
      tweetnacl "^0.14.3"
  
  brace-expansion@^1.1.7:
    version "1.1.11"
    resolved "https://registry.npm.taobao.org/brace-expansion/download/brace-expansion-1.1.11.tgz?cache=0&sync_timestamp=1614010709807&other_urls=https%3A%2F%2Fregistry.npm.taobao.org%2Fbrace-expansion%2Fdownload%2Fbrace-expansion-1.1.11.tgz#3c7fcbf529d87226f3d2f52b966ff5271eb441dd"
    integrity sha1-PH/L9SnYcibz0vUrlm/1Jx60Qd0=
    dependencies:
      balanced-match "^1.0.0"
      concat-map "0.0.1"
  
  bytebuffer@~5:
    version "5.0.1"
    resolved "https://registry.npm.taobao.org/bytebuffer/download/bytebuffer-5.0.1.tgz#582eea4b1a873b6d020a48d58df85f0bba6cfddd"
    integrity sha1-WC7qSxqHO20CCkjVjfhfC7ps/d0=
    dependencies:
      long "~3"
  
  call-bind@^1.0.0:
    version "1.0.2"
    resolved "https://registry.npm.taobao.org/call-bind/download/call-bind-1.0.2.tgz#b1d4e89e688119c3c9a903ad30abb2f6a919be3c"
    integrity sha1-sdTonmiBGcPJqQOtMKuy9qkZvjw=
    dependencies:
      function-bind "^1.1.1"
      get-intrinsic "^1.0.2"
  
  camelcase@^2.0.1:
    version "2.1.1"
    resolved "https://registry.npm.taobao.org/camelcase/download/camelcase-2.1.1.tgz#7c1d16d679a1bbe59ca02cacecfb011e201f5a1f"
    integrity sha1-fB0W1nmhu+WcoCys7PsBHiAfWh8=
  
  caseless@~0.12.0:
    version "0.12.0"
    resolved "https://registry.npm.taobao.org/caseless/download/caseless-0.12.0.tgz#1b681c21ff84033c826543090689420d187151dc"
    integrity sha1-G2gcIf+EAzyCZUMJBolCDRhxUdw=
  
  charenc@0.0.2, charenc@~0.0.1:
    version "0.0.2"
    resolved "https://registry.npm.taobao.org/charenc/download/charenc-0.0.2.tgz#c0a1d2f3a7092e03774bfa83f14c0fc5790a8667"
    integrity sha1-wKHS86cJLgN3S/qD8UwPxXkKhmc=
  
  cliui@^3.0.3:
    version "3.2.0"
    resolved "https://registry.npm.taobao.org/cliui/download/cliui-3.2.0.tgz?cache=0&sync_timestamp=1604880033053&other_urls=https%3A%2F%2Fregistry.npm.taobao.org%2Fcliui%2Fdownload%2Fcliui-3.2.0.tgz#120601537a916d29940f934da3b48d585a39213d"
    integrity sha1-EgYBU3qRbSmUD5NNo7SNWFo5IT0=
    dependencies:
      string-width "^1.0.1"
      strip-ansi "^3.0.1"
      wrap-ansi "^2.0.0"
  
  code-point-at@^1.0.0:
    version "1.1.0"
    resolved "https://registry.npm.taobao.org/code-point-at/download/code-point-at-1.1.0.tgz#0d070b4d043a5bea33a2f1a40e2edb3d9a4ccf77"
    integrity sha1-DQcLTQQ6W+ozovGkDi7bPZpMz3c=
  
  colour@~0.7.1:
    version "0.7.1"
    resolved "https://registry.npm.taobao.org/colour/download/colour-0.7.1.tgz#9cb169917ec5d12c0736d3e8685746df1cadf778"
    integrity sha1-nLFpkX7F0SwHNtPoaFdG3xyt93g=
  
  combined-stream@^1.0.6, combined-stream@^1.0.8, combined-stream@~1.0.6:
    version "1.0.8"
    resolved "https://registry.npm.taobao.org/combined-stream/download/combined-stream-1.0.8.tgz#c3d45a8b34fd730631a110a8a2520682b31d5a7f"
    integrity sha1-w9RaizT9cwYxoRCoolIGgrMdWn8=
    dependencies:
      delayed-stream "~1.0.0"
  
  commander@^2.20.3:
    version "2.20.3"
    resolved "https://registry.npm.taobao.org/commander/download/commander-2.20.3.tgz?cache=0&sync_timestamp=1616363849438&other_urls=https%3A%2F%2Fregistry.npm.taobao.org%2Fcommander%2Fdownload%2Fcommander-2.20.3.tgz#fd485e84c03eb4881c20722ba48035e8531aeb33"
    integrity sha1-/UhehMA+tIgcIHIrpIA16FMa6zM=
  
  component-emitter@^1.2.0, component-emitter@^1.3.0:
    version "1.3.0"
    resolved "https://registry.npm.taobao.org/component-emitter/download/component-emitter-1.3.0.tgz#16e4070fba8ae29b679f2215853ee181ab2eabc0"
    integrity sha1-FuQHD7qK4ptnnyIVhT7hgasuq8A=
  
  concat-map@0.0.1:
    version "0.0.1"
    resolved "https://registry.npm.taobao.org/concat-map/download/concat-map-0.0.1.tgz#d8a96bd77fd68df7793a73036a3ba0d5405d477b"
    integrity sha1-2Klr13/Wjfd5OnMDajug1UBdR3s=
  
  cookiejar@^2.1.0, cookiejar@^2.1.2:
    version "2.1.2"
    resolved "https://registry.npm.taobao.org/cookiejar/download/cookiejar-2.1.2.tgz#dd8a235530752f988f9a0844f3fc589e3111125c"
    integrity sha1-3YojVTB1L5iPmghE8/xYnjERElw=
  
  core-util-is@1.0.2, core-util-is@~1.0.0:
    version "1.0.2"
    resolved "https://registry.npm.taobao.org/core-util-is/download/core-util-is-1.0.2.tgz#b5fd54220aa2bc5ab57aab7140c940754503c1a7"
    integrity sha1-tf1UIgqivFq1eqtxQMlAdUUDwac=
  
  crypt@0.0.2, crypt@~0.0.1:
    version "0.0.2"
    resolved "https://registry.npm.taobao.org/crypt/download/crypt-0.0.2.tgz#88d7ff7ec0dfb86f713dc87bbb42d044d3e6c41b"
    integrity sha1-iNf/fsDfuG9xPch7u0LQRNPmxBs=
  
  cssfilter@0.0.10:
    version "0.0.10"
    resolved "https://registry.npm.taobao.org/cssfilter/download/cssfilter-0.0.10.tgz#c6d2672632a2e5c83e013e6864a42ce8defd20ae"
    integrity sha1-xtJnJjKi5cg+AT5oZKQs6N79IK4=
  
  dashdash@^1.12.0:
    version "1.14.1"
    resolved "https://registry.npm.taobao.org/dashdash/download/dashdash-1.14.1.tgz?cache=0&sync_timestamp=1601073454623&other_urls=https%3A%2F%2Fregistry.npm.taobao.org%2Fdashdash%2Fdownload%2Fdashdash-1.14.1.tgz#853cfa0f7cbe2fed5de20326b8dd581035f6e2f0"
    integrity sha1-hTz6D3y+L+1d4gMmuN1YEDX24vA=
    dependencies:
      assert-plus "^1.0.0"
  
  date-fns@^1.29.0:
    version "1.30.1"
    resolved "https://registry.npm.taobao.org/date-fns/download/date-fns-1.30.1.tgz#2e71bf0b119153dbb4cc4e88d9ea5acfb50dc05c"
    integrity sha1-LnG/CxGRU9u0zE6I2epaz7UNwFw=
  
  dayjs@^1.8.19:
    version "1.10.4"
    resolved "https://registry.npm.taobao.org/dayjs/download/dayjs-1.10.4.tgz?cache=0&sync_timestamp=1611310021152&other_urls=https%3A%2F%2Fregistry.npm.taobao.org%2Fdayjs%2Fdownload%2Fdayjs-1.10.4.tgz#8e544a9b8683f61783f570980a8a80eaf54ab1e2"
    integrity sha1-jlRKm4aD9heD9XCYCoqA6vVKseI=
  
  debug@^2.1.3, debug@^2.6.9:
    version "2.6.9"
    resolved "https://registry.npm.taobao.org/debug/download/debug-2.6.9.tgz?cache=0&sync_timestamp=1607566533140&other_urls=https%3A%2F%2Fregistry.npm.taobao.org%2Fdebug%2Fdownload%2Fdebug-2.6.9.tgz#5d128515df134ff327e90a4c93f4e077a536341f"
    integrity sha1-XRKFFd8TT/Mn6QpMk/Tgd6U2NB8=
    dependencies:
      ms "2.0.0"
  
  debug@^3.1.0:
    version "3.2.7"
    resolved "https://registry.npm.taobao.org/debug/download/debug-3.2.7.tgz?cache=0&sync_timestamp=1607566533140&other_urls=https%3A%2F%2Fregistry.npm.taobao.org%2Fdebug%2Fdownload%2Fdebug-3.2.7.tgz#72580b7e9145fb39b6676f9c5e5fb100b934179a"
    integrity sha1-clgLfpFF+zm2Z2+cXl+xALk0F5o=
    dependencies:
      ms "^2.1.1"
  
  debug@^4.1.1:
    version "4.3.1"
    resolved "https://registry.npm.taobao.org/debug/download/debug-4.3.1.tgz?cache=0&sync_timestamp=1607566533140&other_urls=https%3A%2F%2Fregistry.npm.taobao.org%2Fdebug%2Fdownload%2Fdebug-4.3.1.tgz#f0d229c505e0c6d8c49ac553d1b13dc183f6b2ee"
    integrity sha1-8NIpxQXgxtjEmsVT0bE9wYP2su4=
    dependencies:
      ms "2.1.2"
  
  decamelize@^1.1.1:
    version "1.2.0"
    resolved "https://registry.npm.taobao.org/decamelize/download/decamelize-1.2.0.tgz?cache=0&sync_timestamp=1610348634503&other_urls=https%3A%2F%2Fregistry.npm.taobao.org%2Fdecamelize%2Fdownload%2Fdecamelize-1.2.0.tgz#f6534d15148269b20352e7bee26f501f9a191290"
    integrity sha1-9lNNFRSCabIDUue+4m9QH5oZEpA=
  
  decode-uri-component@^0.2.0:
    version "0.2.0"
    resolved "https://registry.npm.taobao.org/decode-uri-component/download/decode-uri-component-0.2.0.tgz#eb3913333458775cb84cd1a1fae062106bb87545"
    integrity sha1-6zkTMzRYd1y4TNGh+uBiEGu4dUU=
  
  delayed-stream@~1.0.0:
    version "1.0.0"
    resolved "https://registry.npm.taobao.org/delayed-stream/download/delayed-stream-1.0.0.tgz#df3ae199acadfb7d440aaae0b29e2272b24ec619"
    integrity sha1-3zrhmayt+31ECqrgsp4icrJOxhk=
  
  docsearch.js@2.6.3:
    version "2.6.3"
    resolved "https://registry.npm.taobao.org/docsearch.js/download/docsearch.js-2.6.3.tgz#57cb4600d3b6553c677e7cbbe6a734593e38625d"
    integrity sha1-V8tGANO2VTxnfny75qc0WT44Yl0=
    dependencies:
      algoliasearch "^3.24.5"
      autocomplete.js "0.36.0"
      hogan.js "^3.0.2"
      request "^2.87.0"
      stack-utils "^1.0.1"
      to-factory "^1.0.0"
      zepto "^1.2.0"
  
  dom-walk@^0.1.0:
    version "0.1.2"
    resolved "https://registry.npm.taobao.org/dom-walk/download/dom-walk-0.1.2.tgz#0c548bef048f4d1f2a97249002236060daa3fd84"
    integrity sha1-DFSL7wSPTR8qlySQAiNgYNqj/YQ=
  
  ecc-jsbn@~0.1.1:
    version "0.1.2"
    resolved "https://registry.npm.taobao.org/ecc-jsbn/download/ecc-jsbn-0.1.2.tgz#3a83a904e54353287874c564b7549386849a98c9"
    integrity sha1-OoOpBOVDUyh4dMVkt1SThoSamMk=
    dependencies:
      jsbn "~0.1.0"
      safer-buffer "^2.1.0"
  
  element-closest@^3.0.2:
    version "3.0.2"
    resolved "https://registry.npm.taobao.org/element-closest/download/element-closest-3.0.2.tgz#3814a69a84f30e48e63eaf57341f4dbf4227d2aa"
    integrity sha1-OBSmmoTzDkjmPq9XNB9Nv0In0qo=
  
  envify@^4.0.0:
    version "4.1.0"
    resolved "https://registry.npm.taobao.org/envify/download/envify-4.1.0.tgz#f39ad3db9d6801b4e6b478b61028d3f0b6819f7e"
    integrity sha1-85rT251oAbTmtHi2ECjT8LaBn34=
    dependencies:
      esprima "^4.0.0"
      through "~2.3.4"
  
  es6-promise@4.2.3:
    version "4.2.3"
    resolved "https://registry.npm.taobao.org/es6-promise/download/es6-promise-4.2.3.tgz#29454b8db21b73fbef1df070c35dc09b7fd606c4"
    integrity sha1-KUVLjbIbc/vvHfBww13Am3/WBsQ=
  
  es6-promise@^4.1.0:
    version "4.2.8"
    resolved "https://registry.npm.taobao.org/es6-promise/download/es6-promise-4.2.8.tgz#4eb21594c972bc40553d276e510539143db53e0a"
    integrity sha1-TrIVlMlyvEBVPSduUQU5FD21Pgo=
  
  escape-string-regexp@^2.0.0:
    version "2.0.0"
    resolved "https://registry.npm.taobao.org/escape-string-regexp/download/escape-string-regexp-2.0.0.tgz#a30304e99daa32e23b2fd20f51babd07cffca344"
    integrity sha1-owME6Z2qMuI7L9IPUbq9B8/8o0Q=
  
  esprima@^4.0.0:
    version "4.0.1"
    resolved "https://registry.npm.taobao.org/esprima/download/esprima-4.0.1.tgz#13b04cdb3e6c5d19df91ab6987a8695619b0aa71"
    integrity sha1-E7BM2z5sXRnfkatph6hpVhmwqnE=
  
  event-target-shim@^5.0.1:
    version "5.0.1"
    resolved "https://registry.npm.taobao.org/event-target-shim/download/event-target-shim-5.0.1.tgz#5d4d3ebdf9583d63a5333ce2deb7480ab2b05789"
    integrity sha1-XU0+vflYPWOlMzzi3rdICrKwV4k=
  
  eventemitter3@^2.0.3:
    version "2.0.3"
    resolved "https://registry.npm.taobao.org/eventemitter3/download/eventemitter3-2.0.3.tgz?cache=0&other_urls=https%3A%2F%2Fregistry.npm.taobao.org%2Feventemitter3%2Fdownload%2Feventemitter3-2.0.3.tgz#b5e1079b59fb5e1ba2771c0a993be060a58c99ba"
    integrity sha1-teEHm1n7XhuidxwKmTvgYKWMmbo=
  
  eventemitter3@^3.0.0:
    version "3.1.2"
    resolved "https://registry.npm.taobao.org/eventemitter3/download/eventemitter3-3.1.2.tgz?cache=0&other_urls=https%3A%2F%2Fregistry.npm.taobao.org%2Feventemitter3%2Fdownload%2Feventemitter3-3.1.2.tgz#2d3d48f9c346698fce83a85d7d664e98535df6e7"
    integrity sha1-LT1I+cNGaY/Og6hdfWZOmFNd9uc=
  
  events@^1.1.0:
    version "1.1.1"
    resolved "https://registry.npm.taobao.org/events/download/events-1.1.1.tgz#9ebdb7635ad099c70dcc4c2a1f5004288e8bd924"
    integrity sha1-nr23Y1rQmccNzEwqH1AEKI6L2SQ=
  
  extend@^3.0.0, extend@~3.0.2:
    version "3.0.2"
    resolved "https://registry.npm.taobao.org/extend/download/extend-3.0.2.tgz#f8b1136b4071fbd8eb140aff858b1019ec2915fa"
    integrity sha1-+LETa0Bx+9jrFAr/hYsQGewpFfo=
  
  extsprintf@1.3.0:
    version "1.3.0"
    resolved "https://registry.npm.taobao.org/extsprintf/download/extsprintf-1.3.0.tgz#96918440e3041a7a414f8c52e3c574eb3c3e1e05"
    integrity sha1-lpGEQOMEGnpBT4xS48V06zw+HgU=
  
  extsprintf@^1.2.0:
    version "1.4.0"
    resolved "https://registry.npm.taobao.org/extsprintf/download/extsprintf-1.4.0.tgz#e2689f8f356fad62cca65a3a91c5df5f9551692f"
    integrity sha1-4mifjzVvrWLMplo6kcXfX5VRaS8=
  
  fast-deep-equal@^3.1.1:
    version "3.1.3"
    resolved "https://registry.npm.taobao.org/fast-deep-equal/download/fast-deep-equal-3.1.3.tgz#3a7d56b559d6cbc3eb512325244e619a65c6c525"
    integrity sha1-On1WtVnWy8PrUSMlJE5hmmXGxSU=
  
  fast-json-stable-stringify@^2.0.0:
    version "2.1.0"
    resolved "https://registry.npm.taobao.org/fast-json-stable-stringify/download/fast-json-stable-stringify-2.1.0.tgz#874bf69c6f404c2b5d99c481341399fd55892633"
    integrity sha1-h0v2nG9ATCtdmcSBNBOZ/VWJJjM=
  
  fast-safe-stringify@^2.0.7:
    version "2.0.7"
    resolved "https://registry.npm.taobao.org/fast-safe-stringify/download/fast-safe-stringify-2.0.7.tgz#124aa885899261f68aedb42a7c080de9da608743"
    integrity sha1-EkqohYmSYfaK7bQqfAgN6dpgh0M=
  
  feed@2.0.4:
    version "2.0.4"
    resolved "https://registry.npm.taobao.org/feed/download/feed-2.0.4.tgz#14cd71b3bae1e965b81f7e0c5927e8941de996f8"
    integrity sha1-FM1xs7rh6WW4H34MWSfolB3plvg=
    dependencies:
      luxon "^1.3.3"
      xml "^1.0.1"
  
  filter-obj@^1.1.0:
    version "1.1.0"
    resolved "https://registry.npm.taobao.org/filter-obj/download/filter-obj-1.1.0.tgz#9b311112bc6c6127a16e016c6c5d7f19e0805c5b"
    integrity sha1-mzERErxsYSehbgFsbF1/GeCAXFs=
  
  follow-redirects@^1.10.0:
    version "1.13.3"
    resolved "https://registry.npm.taobao.org/follow-redirects/download/follow-redirects-1.13.3.tgz#e5598ad50174c1bc4e872301e82ac2cd97f90267"
    integrity sha1-5VmK1QF0wbxOhyMB6CrCzZf5Amc=
  
  foreach@^2.0.5:
    version "2.0.5"
    resolved "https://registry.npm.taobao.org/foreach/download/foreach-2.0.5.tgz#0bee005018aeb260d0a3af3ae658dd0136ec1b99"
    integrity sha1-C+4AUBiusmDQo6865ljdATbsG5k=
  
  forever-agent@~0.6.1:
    version "0.6.1"
    resolved "https://registry.npm.taobao.org/forever-agent/download/forever-agent-0.6.1.tgz#fbc71f0c41adeb37f96c577ad1ed42d8fdacca91"
    integrity sha1-+8cfDEGt6zf5bFd60e1C2P2sypE=
  
  form-data@^2.3.1:
    version "2.5.1"
    resolved "https://registry.npm.taobao.org/form-data/download/form-data-2.5.1.tgz#f2cbec57b5e59e23716e128fe44d4e5dd23895f4"
    integrity sha1-8svsV7XlniNxbhKP5E1OXdI4lfQ=
    dependencies:
      asynckit "^0.4.0"
      combined-stream "^1.0.6"
      mime-types "^2.1.12"
  
  form-data@^3.0.0:
    version "3.0.1"
    resolved "https://registry.npm.taobao.org/form-data/download/form-data-3.0.1.tgz#ebd53791b78356a99af9a300d4282c4d5eb9755f"
    integrity sha1-69U3kbeDVqma+aMA1CgsTV65dV8=
    dependencies:
      asynckit "^0.4.0"
      combined-stream "^1.0.8"
      mime-types "^2.1.12"
  
  form-data@~2.3.2:
    version "2.3.3"
    resolved "https://registry.npm.taobao.org/form-data/download/form-data-2.3.3.tgz#dcce52c05f644f298c6a7ab936bd724ceffbf3a6"
    integrity sha1-3M5SwF9kTymManq5Nr1yTO/786Y=
    dependencies:
      asynckit "^0.4.0"
      combined-stream "^1.0.6"
      mime-types "^2.1.12"
  
  formidable@^1.2.0, formidable@^1.2.2:
    version "1.2.2"
    resolved "https://registry.npm.taobao.org/formidable/download/formidable-1.2.2.tgz#bf69aea2972982675f00865342b982986f6b8dd9"
    integrity sha1-v2muopcpgmdfAIZTQrmCmG9rjdk=
  
  fs.realpath@^1.0.0:
    version "1.0.0"
    resolved "https://registry.npm.taobao.org/fs.realpath/download/fs.realpath-1.0.0.tgz#1504ad2523158caa40db4a2787cb01411994ea4f"
    integrity sha1-FQStJSMVjKpA20onh8sBQRmU6k8=
  
  function-bind@^1.1.1:
    version "1.1.1"
    resolved "https://registry.npm.taobao.org/function-bind/download/function-bind-1.1.1.tgz#a56899d3ea3c9bab874bb9773b7c5ede92f4895d"
    integrity sha1-pWiZ0+o8m6uHS7l3O3xe3pL0iV0=
  
  get-intrinsic@^1.0.2:
    version "1.1.1"
    resolved "https://registry.npm.taobao.org/get-intrinsic/download/get-intrinsic-1.1.1.tgz#15f59f376f855c446963948f0d24cd3637b4abc6"
    integrity sha1-FfWfN2+FXERpY5SPDSTNNje0q8Y=
    dependencies:
      function-bind "^1.1.1"
      has "^1.0.3"
      has-symbols "^1.0.1"
  
  getpass@^0.1.1:
    version "0.1.7"
    resolved "https://registry.npm.taobao.org/getpass/download/getpass-0.1.7.tgz#5eff8e3e684d569ae4cb2b1282604e8ba62149fa"
    integrity sha1-Xv+OPmhNVprkyysSgmBOi6YhSfo=
    dependencies:
      assert-plus "^1.0.0"
  
  github-markdown-css@^3.0.1:
    version "3.0.1"
    resolved "https://registry.npm.taobao.org/github-markdown-css/download/github-markdown-css-3.0.1.tgz#d08db1060d2e182025e0d07d547cfe2afed30205"
    integrity sha1-0I2xBg0uGCAl4NB9VHz+Kv7TAgU=
  
  glob@^7.0.5:
    version "7.1.6"
    resolved "https://registry.npm.taobao.org/glob/download/glob-7.1.6.tgz?cache=0&sync_timestamp=1599054256752&other_urls=https%3A%2F%2Fregistry.npm.taobao.org%2Fglob%2Fdownload%2Fglob-7.1.6.tgz#141f33b81a7c2492e125594307480c46679278a6"
    integrity sha1-FB8zuBp8JJLhJVlDB0gMRmeSeKY=
    dependencies:
      fs.realpath "^1.0.0"
      inflight "^1.0.4"
      inherits "2"
      minimatch "^3.0.4"
      once "^1.3.0"
      path-is-absolute "^1.0.0"
  
  global@^4.3.2:
    version "4.4.0"
    resolved "https://registry.npm.taobao.org/global/download/global-4.4.0.tgz#3e7b105179006a323ed71aafca3e9c57a5cc6406"
    integrity sha1-PnsQUXkAajI+1xqvyj6cV6XMZAY=
    dependencies:
      min-document "^2.19.0"
      process "^0.11.10"
  
  har-schema@^2.0.0:
    version "2.0.0"
    resolved "https://registry.npm.taobao.org/har-schema/download/har-schema-2.0.0.tgz#a94c2224ebcac04782a0d9035521f24735b7ec92"
    integrity sha1-qUwiJOvKwEeCoNkDVSHyRzW37JI=
  
  har-validator@~5.1.3:
    version "5.1.5"
    resolved "https://registry.npm.taobao.org/har-validator/download/har-validator-5.1.5.tgz#1f0803b9f8cb20c0fa13822df1ecddb36bde1efd"
    integrity sha1-HwgDufjLIMD6E4It8ezds2veHv0=
    dependencies:
      ajv "^6.12.3"
      har-schema "^2.0.0"
  
  has-symbols@^1.0.1:
    version "1.0.2"
    resolved "https://registry.npm.taobao.org/has-symbols/download/has-symbols-1.0.2.tgz?cache=0&sync_timestamp=1614443484522&other_urls=https%3A%2F%2Fregistry.npm.taobao.org%2Fhas-symbols%2Fdownload%2Fhas-symbols-1.0.2.tgz#165d3070c00309752a1236a479331e3ac56f1423"
    integrity sha1-Fl0wcMADCXUqEjakeTMeOsVvFCM=
  
  has@^1.0.3:
    version "1.0.3"
    resolved "https://registry.npm.taobao.org/has/download/has-1.0.3.tgz#722d7cbfc1f6aa8241f16dd814e011e1f41e8796"
    integrity sha1-ci18v8H2qoJB8W3YFOAR4fQeh5Y=
    dependencies:
      function-bind "^1.1.1"
  
  hogan.js@^3.0.2:
    version "3.0.2"
    resolved "https://registry.npm.taobao.org/hogan.js/download/hogan.js-3.0.2.tgz#4cd9e1abd4294146e7679e41d7898732b02c7bfd"
    integrity sha1-TNnhq9QpQUbnZ55B14mHMrAse/0=
    dependencies:
      mkdirp "0.3.0"
      nopt "1.0.10"
  
  http-signature@~1.2.0:
    version "1.2.0"
    resolved "https://registry.npm.taobao.org/http-signature/download/http-signature-1.2.0.tgz#9aecd925114772f3d95b65a60abb8f7c18fbace1"
    integrity sha1-muzZJRFHcvPZW2WmCruPfBj7rOE=
    dependencies:
      assert-plus "^1.0.0"
      jsprim "^1.2.2"
      sshpk "^1.7.0"
  
  immediate@^3.2.3:
    version "3.3.0"
    resolved "https://registry.npm.taobao.org/immediate/download/immediate-3.3.0.tgz#1aef225517836bcdf7f2a2de2600c79ff0269266"
    integrity sha1-Gu8iVReDa8338qLeJgDHn/AmkmY=
  
  inflight@^1.0.4:
    version "1.0.6"
    resolved "https://registry.npm.taobao.org/inflight/download/inflight-1.0.6.tgz#49bd6331d7d02d0c09bc910a1075ba8165b56df9"
    integrity sha1-Sb1jMdfQLQwJvJEKEHW6gWW1bfk=
    dependencies:
      once "^1.3.0"
      wrappy "1"
  
  inherits@2, inherits@^2.0.1, inherits@^2.0.3, inherits@~2.0.3:
    version "2.0.4"
    resolved "https://registry.npm.taobao.org/inherits/download/inherits-2.0.4.tgz#0fa2c64f932917c3433a0ded55363aae37416b7c"
    integrity sha1-D6LGT5MpF8NDOg3tVTY6rjdBa3w=
  
  invert-kv@^1.0.0:
    version "1.0.0"
    resolved "https://registry.npm.taobao.org/invert-kv/download/invert-kv-1.0.0.tgz#104a8e4aaca6d3d8cd157a8ef8bfab2d7a3ffdb6"
    integrity sha1-EEqOSqym09jNFXqO+L+rLXo//bY=
  
  is-buffer@~1.1.1, is-buffer@~1.1.6:
    version "1.1.6"
    resolved "https://registry.npm.taobao.org/is-buffer/download/is-buffer-1.1.6.tgz?cache=0&sync_timestamp=1604429452232&other_urls=https%3A%2F%2Fregistry.npm.taobao.org%2Fis-buffer%2Fdownload%2Fis-buffer-1.1.6.tgz#efaa2ea9daa0d7ab2ea13a97b2b8ad51fefbe8be"
    integrity sha1-76ouqdqg16suoTqXsritUf776L4=
  
  is-fullwidth-code-point@^1.0.0:
    version "1.0.0"
    resolved "https://registry.npm.taobao.org/is-fullwidth-code-point/download/is-fullwidth-code-point-1.0.0.tgz#ef9e31386f031a7f0d643af82fde50c457ef00cb"
    integrity sha1-754xOG8DGn8NZDr4L95QxFfvAMs=
    dependencies:
      number-is-nan "^1.0.0"
  
  is-typedarray@~1.0.0:
    version "1.0.0"
    resolved "https://registry.npm.taobao.org/is-typedarray/download/is-typedarray-1.0.0.tgz#e479c80858df0c1b11ddda6940f96011fcda4a9a"
    integrity sha1-5HnICFjfDBsR3dppQPlgEfzaSpo=
  
  isarray@^2.0.1:
    version "2.0.5"
    resolved "https://registry.npm.taobao.org/isarray/download/isarray-2.0.5.tgz#8af1e4c1221244cc62459faf38940d4e644a5723"
    integrity sha1-ivHkwSISRMxiRZ+vOJQNTmRKVyM=
  
  isarray@~1.0.0:
    version "1.0.0"
    resolved "https://registry.npm.taobao.org/isarray/download/isarray-1.0.0.tgz#bb935d48582cba168c06834957a54a3e07124f11"
    integrity sha1-u5NdSFgsuhaMBoNJV6VKPgcSTxE=
  
  isstream@~0.1.2:
    version "0.1.2"
    resolved "https://registry.npm.taobao.org/isstream/download/isstream-0.1.2.tgz#47e63f7af55afa6f92e1500e690eb8b8529c099a"
    integrity sha1-R+Y/evVa+m+S4VAOaQ64uFKcCZo=
  
  javascript-state-machine@^2.3.5:
    version "2.4.0"
    resolved "https://registry.npm.taobao.org/javascript-state-machine/download/javascript-state-machine-2.4.0.tgz#d8be31ec38f24ac1a1832f0b672fc3cd5f79c96e"
    integrity sha1-2L4x7DjySsGhgy8LZy/DzV95yW4=
  
  jsbn@~0.1.0:
    version "0.1.1"
    resolved "https://registry.npm.taobao.org/jsbn/download/jsbn-0.1.1.tgz#a5e654c2e5a2deb5f201d96cefbca80c0ef2f513"
    integrity sha1-peZUwuWi3rXyAdls77yoDA7y9RM=
  
  json-schema-traverse@^0.4.1:
    version "0.4.1"
    resolved "https://registry.npm.taobao.org/json-schema-traverse/download/json-schema-traverse-0.4.1.tgz#69f6a87d9513ab8bb8fe63bdb0979c448e684660"
    integrity sha1-afaofZUTq4u4/mO9sJecRI5oRmA=
  
  json-schema@0.2.3:
    version "0.2.3"
    resolved "https://registry.npm.taobao.org/json-schema/download/json-schema-0.2.3.tgz?cache=0&sync_timestamp=1609553637722&other_urls=https%3A%2F%2Fregistry.npm.taobao.org%2Fjson-schema%2Fdownload%2Fjson-schema-0.2.3.tgz#b480c892e59a2f05954ce727bd3f2a4e882f9e13"
    integrity sha1-tIDIkuWaLwWVTOcnvT8qTogvnhM=
  
  json-stringify-safe@~5.0.1:
    version "5.0.1"
    resolved "https://registry.npm.taobao.org/json-stringify-safe/download/json-stringify-safe-5.0.1.tgz#1296a2d58fd45f19a0f6ce01d65701e2c735b6eb"
    integrity sha1-Epai1Y/UXxmg9s4B1lcB4sc1tus=
  
  jsonp@^0.2.1:
    version "0.2.1"
    resolved "https://registry.npm.taobao.org/jsonp/download/jsonp-0.2.1.tgz#a65b4fa0f10bda719a05441ea7b94c55f3e15bae"
    integrity sha1-pltPoPEL2nGaBUQep7lMVfPhW64=
    dependencies:
      debug "^2.1.3"
  
  jsprim@^1.2.2:
    version "1.4.1"
    resolved "https://registry.npm.taobao.org/jsprim/download/jsprim-1.4.1.tgz#313e66bc1e5cc06e438bc1b7499c2e5c56acb6a2"
    integrity sha1-MT5mvB5cwG5Di8G3SZwuXFastqI=
    dependencies:
      assert-plus "1.0.0"
      extsprintf "1.3.0"
      json-schema "0.2.3"
      verror "1.10.0"
  
  lcid@^1.0.0:
    version "1.0.0"
    resolved "https://registry.npm.taobao.org/lcid/download/lcid-1.0.0.tgz#308accafa0bc483a3867b4b6f2b9506251d1b835"
    integrity sha1-MIrMr6C8SDo4Z7S28rlQYlHRuDU=
    dependencies:
      invert-kv "^1.0.0"
  
  leancloud-realtime-plugin-live-query@^1.2.0:
    version "1.2.0"
    resolved "https://registry.npm.taobao.org/leancloud-realtime-plugin-live-query/download/leancloud-realtime-plugin-live-query-1.2.0.tgz#1e07da1b5b99e44cddbc3b052234422f278c4ab9"
    integrity sha1-HgfaG1uZ5EzdvDsFIjRCLyeMSrk=
  
  leancloud-realtime@^5.0.0-alpha.3:
    version "5.0.0-rc.5"
    resolved "https://registry.npm.taobao.org/leancloud-realtime/download/leancloud-realtime-5.0.0-rc.5.tgz#760d0101b5a6ce34fa1ad9b4f9175f3b3a12b4cd"
    integrity sha1-dg0BAbWmzjT6Gtm0+RdfOzoStM0=
    dependencies:
      "@babel/runtime" "^7.10.2"
      "@leancloud/adapter-types" "^3.0.0"
      "@leancloud/platform-adapters-browser" "^1.1.0"
      "@leancloud/platform-adapters-node" "^1.1.0"
      "@leancloud/platform-adapters-weapp" "^1.2.0"
      base64-arraybuffer "^0.1.5"
      debug "^3.1.0"
      eventemitter3 "^3.0.0"
      javascript-state-machine "^2.3.5"
      lodash "^4.17.10"
      promise-timeout "^1.3.0"
      protobufjs "^5.0.1"
      uuid "^3.0.0"
  
  leancloud-storage@^3.0.4:
    version "3.15.0"
    resolved "https://registry.npm.taobao.org/leancloud-storage/download/leancloud-storage-3.15.0.tgz#6d3b010a313189985bb69ab08c75c7ad74bd1788"
    integrity sha1-bTsBCjExiZhbtpqwjHXHrXS9F4g=
    dependencies:
      debug "^3.1.0"
      es6-promise "4.2.3"
      eventemitter3 "^2.0.3"
      leancloud-realtime "^5.0.0-alpha.3"
      leancloud-realtime-plugin-live-query "^1.2.0"
      localstorage-memory "^1.0.1"
      md5 "^2.0.0"
      superagent "^3.3.1"
      underscore "^1.8.3"
      uuid "^3.3.2"
  
  load-script@^1.0.0:
    version "1.0.0"
    resolved "https://registry.npm.taobao.org/load-script/download/load-script-1.0.0.tgz#0491939e0bee5643ee494a7e3da3d2bac70c6ca4"
    integrity sha1-BJGTngvuVkPuSUp+PaPSuscMbKQ=
  
  localstorage-memory@^1.0.1, localstorage-memory@^1.0.2:
    version "1.0.3"
    resolved "https://registry.npm.taobao.org/localstorage-memory/download/localstorage-memory-1.0.3.tgz#566b37968fe0c4d76ba36a6da564fa613945ca72"
    integrity sha1-Vms3lo/gxNdro2ptpWT6YTlFynI=
  
  lodash.chunk@^4.2.0:
    version "4.2.0"
    resolved "https://registry.npm.taobao.org/lodash.chunk/download/lodash.chunk-4.2.0.tgz#66e5ce1f76ed27b4303d8c6512e8d1216e8106bc"
    integrity sha1-ZuXOH3btJ7QwPYxlEujRIW6BBrw=
  
  lodash.defaultsdeep@4.6.1:
    version "4.6.1"
    resolved "https://registry.npm.taobao.org/lodash.defaultsdeep/download/lodash.defaultsdeep-4.6.1.tgz#512e9bd721d272d94e3d3a63653fa17516741ca6"
    integrity sha1-US6b1yHSctlOPTpjZT+hdRZ0HKY=
  
  lodash.isempty@4.4.0:
    version "4.4.0"
    resolved "https://registry.npm.taobao.org/lodash.isempty/download/lodash.isempty-4.4.0.tgz#6f86cbedd8be4ec987be9aaf33c9684db1b31e7e"
    integrity sha1-b4bL7di+TsmHvpqvM8loTbGzHn4=
  
  lodash.padstart@^4.6.1:
    version "4.6.1"
    resolved "https://registry.npm.taobao.org/lodash.padstart/download/lodash.padstart-4.6.1.tgz#d2e3eebff0d9d39ad50f5cbd1b52a7bce6bb611b"
    integrity sha1-0uPuv/DZ05rVD1y9G1KnvOa7YRs=
  
  lodash.sortby@^4.7.0:
    version "4.7.0"
    resolved "https://registry.npm.taobao.org/lodash.sortby/download/lodash.sortby-4.7.0.tgz#edd14c824e2cc9c1e0b0a1b42bb5210516a42438"
    integrity sha1-7dFMgk4sycHgsKG0K7UhBRakJDg=
  
  lodash.trimend@^4.5.1:
    version "4.5.1"
    resolved "https://registry.npm.taobao.org/lodash.trimend/download/lodash.trimend-4.5.1.tgz#12804437286b98cad8996b79414e11300114082f"
    integrity sha1-EoBENyhrmMrYmWt5QU4RMAEUCC8=
  
  lodash.trimstart@^4.5.1:
    version "4.5.1"
    resolved "https://registry.npm.taobao.org/lodash.trimstart/download/lodash.trimstart-4.5.1.tgz#8ff4dec532d82486af59573c39445914e944a7f1"
    integrity sha1-j/TexTLYJIavWVc8OURZFOlEp/E=
  
  lodash@^4.17.10:
    version "4.17.21"
    resolved "https://registry.npm.taobao.org/lodash/download/lodash-4.17.21.tgz?cache=0&sync_timestamp=1613835838133&other_urls=https%3A%2F%2Fregistry.npm.taobao.org%2Flodash%2Fdownload%2Flodash-4.17.21.tgz#679591c564c3bffaae8454cf0b3df370c3d6911c"
    integrity sha1-Z5WRxWTDv/quhFTPCz3zcMPWkRw=
  
  long@~3:
    version "3.2.0"
    resolved "https://registry.npm.taobao.org/long/download/long-3.2.0.tgz#d821b7138ca1cb581c172990ef14db200b5c474b"
    integrity sha1-2CG3E4yhy1gcFymQ7xTbIAtcR0s=
  
  lru-cache@^6.0.0:
    version "6.0.0"
    resolved "https://registry.npm.taobao.org/lru-cache/download/lru-cache-6.0.0.tgz#6d6fe6570ebd96aaf90fcad1dafa3b2566db3a94"
    integrity sha1-bW/mVw69lqr5D8rR2vo7JWbbOpQ=
    dependencies:
      yallist "^4.0.0"
  
  luxon@^1.3.3:
    version "1.26.0"
    resolved "https://registry.npm.taobao.org/luxon/download/luxon-1.26.0.tgz#d3692361fda51473948252061d0f8561df02b578"
    integrity sha1-02kjYf2lFHOUglIGHQ+FYd8CtXg=
  
  md5@2.2.1:
    version "2.2.1"
    resolved "https://registry.npm.taobao.org/md5/download/md5-2.2.1.tgz#53ab38d5fe3c8891ba465329ea23fac0540126f9"
    integrity sha1-U6s41f48iJG6RlMp6iP6wFQBJvk=
    dependencies:
      charenc "~0.0.1"
      crypt "~0.0.1"
      is-buffer "~1.1.1"
  
  md5@^2.0.0:
    version "2.3.0"
    resolved "https://registry.npm.taobao.org/md5/download/md5-2.3.0.tgz#c3da9a6aae3a30b46b7b0c349b87b110dc3bda4f"
    integrity sha1-w9qaaq46MLRreww0m4exENw72k8=
    dependencies:
      charenc "0.0.2"
      crypt "0.0.2"
      is-buffer "~1.1.6"
  
  medium-zoom@^1.0.4:
    version "1.0.6"
    resolved "https://registry.npm.taobao.org/medium-zoom/download/medium-zoom-1.0.6.tgz#9247f21ca9313d8bbe9420aca153a410df08d027"
    integrity sha1-kkfyHKkxPYu+lCCsoVOkEN8I0Cc=
  
  methods@^1.1.1, methods@^1.1.2:
    version "1.1.2"
    resolved "https://registry.npm.taobao.org/methods/download/methods-1.1.2.tgz#5529a4d67654134edcc5266656835b0f851afcee"
    integrity sha1-VSmk1nZUE07cxSZmVoNbD4Ua/O4=
  
  mime-db@1.47.0:
    version "1.47.0"
    resolved "https://registry.npm.taobao.org/mime-db/download/mime-db-1.47.0.tgz?cache=0&sync_timestamp=1617306166016&other_urls=https%3A%2F%2Fregistry.npm.taobao.org%2Fmime-db%2Fdownload%2Fmime-db-1.47.0.tgz#8cb313e59965d3c05cfbf898915a267af46a335c"
    integrity sha1-jLMT5Zll08Bc+/iYkVomevRqM1w=
  
  mime-types@^2.1.12, mime-types@~2.1.19:
    version "2.1.30"
    resolved "https://registry.npm.taobao.org/mime-types/download/mime-types-2.1.30.tgz?cache=0&sync_timestamp=1617340124913&other_urls=https%3A%2F%2Fregistry.npm.taobao.org%2Fmime-types%2Fdownload%2Fmime-types-2.1.30.tgz#6e7be8b4c479825f85ed6326695db73f9305d62d"
    integrity sha1-bnvotMR5gl+F7WMmaV23P5MF1i0=
    dependencies:
      mime-db "1.47.0"
  
  mime@^1.4.1:
    version "1.6.0"
    resolved "https://registry.npm.taobao.org/mime/download/mime-1.6.0.tgz#32cd9e5c64553bd58d19a568af452acff04981b1"
    integrity sha1-Ms2eXGRVO9WNGaVor0Uqz/BJgbE=
  
  mime@^2.4.6:
    version "2.5.2"
    resolved "https://registry.npm.taobao.org/mime/download/mime-2.5.2.tgz#6e3dc6cc2b9510643830e5f19d5cb753da5eeabe"
    integrity sha1-bj3GzCuVEGQ4MOXxnVy3U9pe6r4=
  
  min-document@^2.19.0:
    version "2.19.0"
    resolved "https://registry.npm.taobao.org/min-document/download/min-document-2.19.0.tgz#7bd282e3f5842ed295bb748cdd9f1ffa2c824685"
    integrity sha1-e9KC4/WELtKVu3SM3Z8f+iyCRoU=
    dependencies:
      dom-walk "^0.1.0"
  
  minimatch@^3.0.4:
    version "3.0.4"
    resolved "https://registry.npm.taobao.org/minimatch/download/minimatch-3.0.4.tgz#5166e286457f03306064be5497e8dbb0c3d32083"
    integrity sha1-UWbihkV/AzBgZL5Ul+jbsMPTIIM=
    dependencies:
      brace-expansion "^1.1.7"
  
  miniprogram-api-typings@^2.10.2:
    version "2.12.0"
    resolved "https://registry.npm.taobao.org/miniprogram-api-typings/download/miniprogram-api-typings-2.12.0.tgz?cache=0&sync_timestamp=1617955544108&other_urls=https%3A%2F%2Fregistry.npm.taobao.org%2Fminiprogram-api-typings%2Fdownload%2Fminiprogram-api-typings-2.12.0.tgz#7a29c90f3e5efa36588422d1f01e22d3394aaaa1"
    integrity sha1-einJDz5e+jZYhCLR8B4i0zlKqqE=
  
  mkdirp@0.3.0:
    version "0.3.0"
    resolved "https://registry.npm.taobao.org/mkdirp/download/mkdirp-0.3.0.tgz#1bbf5ab1ba827af23575143490426455f481fe1e"
    integrity sha1-G79asbqCevI1dRQ0kEJkVfSB/h4=
  
  ms@2.0.0:
    version "2.0.0"
    resolved "https://registry.npm.taobao.org/ms/download/ms-2.0.0.tgz?cache=0&sync_timestamp=1607433842694&other_urls=https%3A%2F%2Fregistry.npm.taobao.org%2Fms%2Fdownload%2Fms-2.0.0.tgz#5608aeadfc00be6c2901df5f9861788de0d597c8"
    integrity sha1-VgiurfwAvmwpAd9fmGF4jeDVl8g=
  
  ms@2.1.2:
    version "2.1.2"
    resolved "https://registry.npm.taobao.org/ms/download/ms-2.1.2.tgz?cache=0&sync_timestamp=1607433842694&other_urls=https%3A%2F%2Fregistry.npm.taobao.org%2Fms%2Fdownload%2Fms-2.1.2.tgz#d09d1f357b443f493382a8eb3ccd183872ae6009"
    integrity sha1-0J0fNXtEP0kzgqjrPM0YOHKuYAk=
  
  ms@^2.1.1:
    version "2.1.3"
    resolved "https://registry.npm.taobao.org/ms/download/ms-2.1.3.tgz?cache=0&sync_timestamp=1607433842694&other_urls=https%3A%2F%2Fregistry.npm.taobao.org%2Fms%2Fdownload%2Fms-2.1.3.tgz#574c8138ce1d2b5861f0b44579dbadd60c6615b2"
    integrity sha1-V0yBOM4dK1hh8LRFedut1gxmFbI=
  
  nopt@1.0.10:
    version "1.0.10"
    resolved "https://registry.npm.taobao.org/nopt/download/nopt-1.0.10.tgz#6ddd21bd2a31417b92727dd585f8a6f37608ebee"
    integrity sha1-bd0hvSoxQXuScn3Vhfim83YI6+4=
    dependencies:
      abbrev "1"
  
  number-is-nan@^1.0.0:
    version "1.0.1"
    resolved "https://registry.npm.taobao.org/number-is-nan/download/number-is-nan-1.0.1.tgz?cache=0&sync_timestamp=1617776101309&other_urls=https%3A%2F%2Fregistry.npm.taobao.org%2Fnumber-is-nan%2Fdownload%2Fnumber-is-nan-1.0.1.tgz#097b602b53422a522c1afb8790318336941a011d"
    integrity sha1-CXtgK1NCKlIsGvuHkDGDNpQaAR0=
  
  oauth-sign@~0.9.0:
    version "0.9.0"
    resolved "https://registry.npm.taobao.org/oauth-sign/download/oauth-sign-0.9.0.tgz#47a7b016baa68b5fa0ecf3dee08a85c679ac6455"
    integrity sha1-R6ewFrqmi1+g7PPe4IqFxnmsZFU=
  
  object-inspect@^1.9.0:
    version "1.9.0"
    resolved "https://registry.npm.taobao.org/object-inspect/download/object-inspect-1.9.0.tgz#c90521d74e1127b67266ded3394ad6116986533a"
    integrity sha1-yQUh104RJ7ZyZt7TOUrWEWmGUzo=
  
  object-keys@^1.0.11, object-keys@^1.1.0:
    version "1.1.1"
    resolved "https://registry.npm.taobao.org/object-keys/download/object-keys-1.1.1.tgz#1c47f272df277f3b1daf061677d9c82e2322c60e"
    integrity sha1-HEfyct8nfzsdrwYWd9nILiMixg4=
  
  once@^1.3.0:
    version "1.4.0"
    resolved "https://registry.npm.taobao.org/once/download/once-1.4.0.tgz#583b1aa775961d4b113ac17d9c50baef9dd76bd1"
    integrity sha1-WDsap3WWHUsROsF9nFC6753Xa9E=
    dependencies:
      wrappy "1"
  
  optjs@~3.2.2:
    version "3.2.2"
    resolved "https://registry.npm.taobao.org/optjs/download/optjs-3.2.2.tgz#69a6ce89c442a44403141ad2f9b370bd5bb6f4ee"
    integrity sha1-aabOicRCpEQDFBrS+bNwvVu29O4=
  
  os-locale@^1.4.0:
    version "1.4.0"
    resolved "https://registry.npm.taobao.org/os-locale/download/os-locale-1.4.0.tgz#20f9f17ae29ed345e8bde583b13d2009803c14d9"
    integrity sha1-IPnxeuKe00XoveWDsT0gCYA8FNk=
    dependencies:
      lcid "^1.0.0"
  
  path-is-absolute@^1.0.0:
    version "1.0.1"
    resolved "https://registry.npm.taobao.org/path-is-absolute/download/path-is-absolute-1.0.1.tgz#174b9268735534ffbc7ace6bf53a5a9e1b5c5f5f"
    integrity sha1-F0uSaHNVNP+8es5r9TpanhtcX18=
  
  performance-now@^2.1.0:
    version "2.1.0"
    resolved "https://registry.npm.taobao.org/performance-now/download/performance-now-2.1.0.tgz#6309f4e0e5fa913ec1c69307ae364b4b377c9e7b"
    integrity sha1-Ywn04OX6kT7BxpMHrjZLSzd8nns=
  
  process-nextick-args@~2.0.0:
    version "2.0.1"
    resolved "https://registry.npm.taobao.org/process-nextick-args/download/process-nextick-args-2.0.1.tgz#7820d9b16120cc55ca9ae7792680ae7dba6d7fe2"
    integrity sha1-eCDZsWEgzFXKmud5JoCufbptf+I=
  
  process@^0.11.10:
    version "0.11.10"
    resolved "https://registry.npm.taobao.org/process/download/process-0.11.10.tgz#7332300e840161bda3e69a1d1d91a7d4bc16f182"
    integrity sha1-czIwDoQBYb2j5podHZGn1LwW8YI=
  
  promise-timeout@^1.3.0:
    version "1.3.0"
    resolved "https://registry.npm.taobao.org/promise-timeout/download/promise-timeout-1.3.0.tgz#d1c78dd50a607d5f0a5207410252a3a0914e1014"
    integrity sha1-0ceN1QpgfV8KUgdBAlKjoJFOEBQ=
  
  protobufjs@^5.0.1:
    version "5.0.3"
    resolved "https://registry.npm.taobao.org/protobufjs/download/protobufjs-5.0.3.tgz#e4dfe9fb67c90b2630d15868249bcc4961467a17"
    integrity sha1-5N/p+2fJCyYw0VhoJJvMSWFGehc=
    dependencies:
      ascli "~1"
      bytebuffer "~5"
      glob "^7.0.5"
      yargs "^3.10.0"
  
  psl@^1.1.28:
    version "1.8.0"
    resolved "https://registry.npm.taobao.org/psl/download/psl-1.8.0.tgz#9326f8bcfb013adcc005fdff056acce020e51c24"
    integrity sha1-kyb4vPsBOtzABf3/BWrM4CDlHCQ=
  
  punycode@^2.1.0, punycode@^2.1.1:
    version "2.1.1"
    resolved "https://registry.npm.taobao.org/punycode/download/punycode-2.1.1.tgz#b58b010ac40c22c5657616c8d2c2c02c7bf479ec"
    integrity sha1-tYsBCsQMIsVldhbI0sLALHv0eew=
  
  qs@^6.5.1, qs@^6.6.0, qs@^6.9.4:
    version "6.10.1"
    resolved "https://registry.npm.taobao.org/qs/download/qs-6.10.1.tgz?cache=0&sync_timestamp=1616385315895&other_urls=https%3A%2F%2Fregistry.npm.taobao.org%2Fqs%2Fdownload%2Fqs-6.10.1.tgz#4931482fa8d647a5aab799c5271d2133b981fb6a"
    integrity sha1-STFIL6jWR6Wqt5nFJx0hM7mB+2o=
    dependencies:
      side-channel "^1.0.4"
  
  qs@~6.5.2:
    version "6.5.2"
    resolved "https://registry.npm.taobao.org/qs/download/qs-6.5.2.tgz?cache=0&sync_timestamp=1616385315895&other_urls=https%3A%2F%2Fregistry.npm.taobao.org%2Fqs%2Fdownload%2Fqs-6.5.2.tgz#cb3ae806e8740444584ef154ce8ee98d403f3e36"
    integrity sha1-yzroBuh0BERYTvFUzo7pjUA/PjY=
  
  query-string@^6.9.0:
    version "6.14.1"
    resolved "https://registry.npm.taobao.org/query-string/download/query-string-6.14.1.tgz#7ac2dca46da7f309449ba0f86b1fd28255b0c86a"
    integrity sha1-esLcpG2n8wlEm6D4ax/SglWwyGo=
    dependencies:
      decode-uri-component "^0.2.0"
      filter-obj "^1.1.0"
      split-on-first "^1.0.0"
      strict-uri-encode "^2.0.0"
  
  querystring-es3@^0.2.1:
    version "0.2.1"
    resolved "https://registry.npm.taobao.org/querystring-es3/download/querystring-es3-0.2.1.tgz#9ec61f79049875707d69414596fd907a4d711e73"
    integrity sha1-nsYfeQSYdXB9aUFFlv2Qek1xHnM=
  
  readable-stream@^2.3.5:
    version "2.3.7"
    resolved "https://registry.npm.taobao.org/readable-stream/download/readable-stream-2.3.7.tgz#1eca1cf711aef814c04f62252a36a62f6cb23b57"
    integrity sha1-Hsoc9xGu+BTAT2IlKjamL2yyO1c=
    dependencies:
      core-util-is "~1.0.0"
      inherits "~2.0.3"
      isarray "~1.0.0"
      process-nextick-args "~2.0.0"
      safe-buffer "~5.1.1"
      string_decoder "~1.1.1"
      util-deprecate "~1.0.1"
  
  readable-stream@^3.6.0:
    version "3.6.0"
    resolved "https://registry.npm.taobao.org/readable-stream/download/readable-stream-3.6.0.tgz#337bbda3adc0706bd3e024426a286d4b4b2c9198"
    integrity sha1-M3u9o63AcGvT4CRCaihtS0sskZg=
    dependencies:
      inherits "^2.0.3"
      string_decoder "^1.1.1"
      util-deprecate "^1.0.1"
  
  reduce@^1.0.1:
    version "1.0.2"
    resolved "https://registry.npm.taobao.org/reduce/download/reduce-1.0.2.tgz#0cd680ad3ffe0b060e57a5c68bdfce37168d361b"
    integrity sha1-DNaArT/+CwYOV6XGi9/ONxaNNhs=
    dependencies:
      object-keys "^1.1.0"
  
  regenerator-runtime@^0.13.4:
    version "0.13.7"
    resolved "https://registry.npm.taobao.org/regenerator-runtime/download/regenerator-runtime-0.13.7.tgz#cac2dacc8a1ea675feaabaeb8ae833898ae46f55"
    integrity sha1-ysLazIoepnX+qrrriugziYrkb1U=
  
  remove-markdown@0.3.0:
    version "0.3.0"
    resolved "https://registry.npm.taobao.org/remove-markdown/download/remove-markdown-0.3.0.tgz#5e4b667493a93579728f3d52ecc1db9ca505dc98"
    integrity sha1-XktmdJOpNXlyjz1S7MHbnKUF3Jg=
  
  request@^2.87.0:
    version "2.88.2"
    resolved "https://registry.npm.taobao.org/request/download/request-2.88.2.tgz?cache=0&other_urls=https%3A%2F%2Fregistry.npm.taobao.org%2Frequest%2Fdownload%2Frequest-2.88.2.tgz#d73c918731cb5a87da047e207234146f664d12b3"
    integrity sha1-1zyRhzHLWofaBH4gcjQUb2ZNErM=
    dependencies:
      aws-sign2 "~0.7.0"
      aws4 "^1.8.0"
      caseless "~0.12.0"
      combined-stream "~1.0.6"
      extend "~3.0.2"
      forever-agent "~0.6.1"
      form-data "~2.3.2"
      har-validator "~5.1.3"
      http-signature "~1.2.0"
      is-typedarray "~1.0.0"
      isstream "~0.1.2"
      json-stringify-safe "~5.0.1"
      mime-types "~2.1.19"
      oauth-sign "~0.9.0"
      performance-now "^2.1.0"
      qs "~6.5.2"
      safe-buffer "^5.1.2"
      tough-cookie "~2.5.0"
      tunnel-agent "^0.6.0"
      uuid "^3.3.2"
  
  safe-buffer@^5.0.1, safe-buffer@^5.1.2, safe-buffer@~5.2.0:
    version "5.2.1"
    resolved "https://registry.npm.taobao.org/safe-buffer/download/safe-buffer-5.2.1.tgz?cache=0&sync_timestamp=1599054209520&other_urls=https%3A%2F%2Fregistry.npm.taobao.org%2Fsafe-buffer%2Fdownload%2Fsafe-buffer-5.2.1.tgz#1eaf9fa9bdb1fdd4ec75f58f9cdb4e6b7827eec6"
    integrity sha1-Hq+fqb2x/dTsdfWPnNtOa3gn7sY=
  
  safe-buffer@~5.1.0, safe-buffer@~5.1.1:
    version "5.1.2"
    resolved "https://registry.npm.taobao.org/safe-buffer/download/safe-buffer-5.1.2.tgz?cache=0&sync_timestamp=1599054209520&other_urls=https%3A%2F%2Fregistry.npm.taobao.org%2Fsafe-buffer%2Fdownload%2Fsafe-buffer-5.1.2.tgz#991ec69d296e0313747d59bdfd2b745c35f8828d"
    integrity sha1-mR7GnSluAxN0fVm9/St0XDX4go0=
  
  safer-buffer@^2.0.2, safer-buffer@^2.1.0, safer-buffer@~2.1.0:
    version "2.1.2"
    resolved "https://registry.npm.taobao.org/safer-buffer/download/safer-buffer-2.1.2.tgz#44fa161b0187b9549dd84bb91802f9bd8385cd6a"
    integrity sha1-RPoWGwGHuVSd2Eu5GAL5vYOFzWo=
  
  semver@^5.1.0:
    version "5.7.1"
    resolved "https://registry.npm.taobao.org/semver/download/semver-5.7.1.tgz#a954f931aeba508d307bbf069eff0c01c96116f7"
    integrity sha1-qVT5Ma66UI0we78Gnv8MAclhFvc=
  
  semver@^7.3.2:
    version "7.3.5"
    resolved "https://registry.npm.taobao.org/semver/download/semver-7.3.5.tgz#0b621c879348d8998e4b0e4be94b3f12e6018ef7"
    integrity sha1-C2Ich5NI2JmOSw5L6Us/EuYBjvc=
    dependencies:
      lru-cache "^6.0.0"
  
  side-channel@^1.0.4:
    version "1.0.4"
    resolved "https://registry.npm.taobao.org/side-channel/download/side-channel-1.0.4.tgz?cache=0&sync_timestamp=1609270210432&other_urls=https%3A%2F%2Fregistry.npm.taobao.org%2Fside-channel%2Fdownload%2Fside-channel-1.0.4.tgz#efce5c8fdc104ee751b25c58d4290011fa5ea2cf"
    integrity sha1-785cj9wQTudRslxY1CkAEfpeos8=
    dependencies:
      call-bind "^1.0.0"
      get-intrinsic "^1.0.2"
      object-inspect "^1.9.0"
  
  sitemap@^3.0.0:
    version "3.2.2"
    resolved "https://registry.npm.taobao.org/sitemap/download/sitemap-3.2.2.tgz#3f77c358fa97b555c879e457098e39910095c62b"
    integrity sha1-P3fDWPqXtVXIeeRXCY45kQCVxis=
    dependencies:
      lodash.chunk "^4.2.0"
      lodash.padstart "^4.6.1"
      whatwg-url "^7.0.0"
      xmlbuilder "^13.0.0"
  
  smoothscroll-polyfill@^0.4.4:
    version "0.4.4"
    resolved "https://registry.npm.taobao.org/smoothscroll-polyfill/download/smoothscroll-polyfill-0.4.4.tgz#3a259131dc6930e6ca80003e1cb03b603b69abf8"
    integrity sha1-OiWRMdxpMObKgAA+HLA7YDtpq/g=
  
  split-on-first@^1.0.0:
    version "1.1.0"
    resolved "https://registry.npm.taobao.org/split-on-first/download/split-on-first-1.1.0.tgz?cache=0&sync_timestamp=1606068253719&other_urls=https%3A%2F%2Fregistry.npm.taobao.org%2Fsplit-on-first%2Fdownload%2Fsplit-on-first-1.1.0.tgz#f610afeee3b12bce1d0c30425e76398b78249a5f"
    integrity sha1-9hCv7uOxK84dDDBCXnY5i3gkml8=
  
  sshpk@^1.7.0:
    version "1.16.1"
    resolved "https://registry.npm.taobao.org/sshpk/download/sshpk-1.16.1.tgz#fb661c0bef29b39db40769ee39fa70093d6f6877"
    integrity sha1-+2YcC+8ps520B2nuOfpwCT1vaHc=
    dependencies:
      asn1 "~0.2.3"
      assert-plus "^1.0.0"
      bcrypt-pbkdf "^1.0.0"
      dashdash "^1.12.0"
      ecc-jsbn "~0.1.1"
      getpass "^0.1.1"
      jsbn "~0.1.0"
      safer-buffer "^2.0.2"
      tweetnacl "~0.14.0"
  
  stack-utils@^1.0.1:
    version "1.0.5"
    resolved "https://registry.npm.taobao.org/stack-utils/download/stack-utils-1.0.5.tgz#a19b0b01947e0029c8e451d5d61a498f5bb1471b"
    integrity sha1-oZsLAZR+ACnI5FHV1hpJj1uxRxs=
    dependencies:
      escape-string-regexp "^2.0.0"
  
  storejs@^1.0.25:
    version "1.1.0"
    resolved "https://registry.npm.taobao.org/storejs/download/storejs-1.1.0.tgz#f63be43c747c14be3a7b17018392938091d64679"
    integrity sha1-9jvkPHR8FL46excBg5KTgJHWRnk=
  
  strict-uri-encode@^2.0.0:
    version "2.0.0"
    resolved "https://registry.npm.taobao.org/strict-uri-encode/download/strict-uri-encode-2.0.0.tgz#b9c7330c7042862f6b142dc274bbcc5866ce3546"
    integrity sha1-ucczDHBChi9rFC3CdLvMWGbONUY=
  
  string-width@^1.0.1:
    version "1.0.2"
    resolved "https://registry.npm.taobao.org/string-width/download/string-width-1.0.2.tgz?cache=0&sync_timestamp=1614522241573&other_urls=https%3A%2F%2Fregistry.npm.taobao.org%2Fstring-width%2Fdownload%2Fstring-width-1.0.2.tgz#118bdf5b8cdc51a2a7e70d211e07e2b0b9b107d3"
    integrity sha1-EYvfW4zcUaKn5w0hHgfisLmxB9M=
    dependencies:
      code-point-at "^1.0.0"
      is-fullwidth-code-point "^1.0.0"
      strip-ansi "^3.0.0"
  
  string_decoder@^1.1.1:
    version "1.3.0"
    resolved "https://registry.npm.taobao.org/string_decoder/download/string_decoder-1.3.0.tgz#42f114594a46cf1a8e30b0a84f56c78c3edac21e"
    integrity sha1-QvEUWUpGzxqOMLCoT1bHjD7awh4=
    dependencies:
      safe-buffer "~5.2.0"
  
  string_decoder@~1.1.1:
    version "1.1.1"
    resolved "https://registry.npm.taobao.org/string_decoder/download/string_decoder-1.1.1.tgz#9cf1611ba62685d7030ae9e4ba34149c3af03fc8"
    integrity sha1-nPFhG6YmhdcDCunkujQUnDrwP8g=
    dependencies:
      safe-buffer "~5.1.0"
  
  strip-ansi@^3.0.0, strip-ansi@^3.0.1:
    version "3.0.1"
    resolved "https://registry.npm.taobao.org/strip-ansi/download/strip-ansi-3.0.1.tgz#6a385fb8853d952d5ff05d0e8aaf94278dc63dcf"
    integrity sha1-ajhfuIU9lS1f8F0Oiq+UJ43GPc8=
    dependencies:
      ansi-regex "^2.0.0"
  
  striptags@3.1.1:
    version "3.1.1"
    resolved "https://registry.npm.taobao.org/striptags/download/striptags-3.1.1.tgz#c8c3e7fdd6fb4bb3a32a3b752e5b5e3e38093ebd"
    integrity sha1-yMPn/db7S7OjKjt1LltePjgJPr0=
  
  superagent@^3.3.1:
    version "3.8.3"
    resolved "https://registry.npm.taobao.org/superagent/download/superagent-3.8.3.tgz#460ea0dbdb7d5b11bc4f78deba565f86a178e128"
    integrity sha1-Rg6g29t9WxG8T3jeulZfhqF44Sg=
    dependencies:
      component-emitter "^1.2.0"
      cookiejar "^2.1.0"
      debug "^3.1.0"
      extend "^3.0.0"
      form-data "^2.3.1"
      formidable "^1.2.0"
      methods "^1.1.1"
      mime "^1.4.1"
      qs "^6.5.1"
      readable-stream "^2.3.5"
  
  superagent@^5.2.2:
    version "5.3.1"
    resolved "https://registry.npm.taobao.org/superagent/download/superagent-5.3.1.tgz#d62f3234d76b8138c1320e90fa83dc1850ccabf1"
    integrity sha1-1i8yNNdrgTjBMg6Q+oPcGFDMq/E=
    dependencies:
      component-emitter "^1.3.0"
      cookiejar "^2.1.2"
      debug "^4.1.1"
      fast-safe-stringify "^2.0.7"
      form-data "^3.0.0"
      formidable "^1.2.2"
      methods "^1.1.2"
      mime "^2.4.6"
      qs "^6.9.4"
      readable-stream "^3.6.0"
      semver "^7.3.2"
  
  through@~2.3.4:
    version "2.3.8"
    resolved "https://registry.npm.taobao.org/through/download/through-2.3.8.tgz#0dd4c9ffaabc357960b1b724115d7e0e86a2e1f5"
    integrity sha1-DdTJ/6q8NXlgsbckEV1+Doai4fU=
  
  to-factory@^1.0.0:
    version "1.0.0"
    resolved "https://registry.npm.taobao.org/to-factory/download/to-factory-1.0.0.tgz#8738af8bd97120ad1d4047972ada5563bf9479b1"
    integrity sha1-hzivi9lxIK0dQEeXKtpVY7+UebE=
  
  tough-cookie@~2.5.0:
    version "2.5.0"
    resolved "https://registry.npm.taobao.org/tough-cookie/download/tough-cookie-2.5.0.tgz?cache=0&other_urls=https%3A%2F%2Fregistry.npm.taobao.org%2Ftough-cookie%2Fdownload%2Ftough-cookie-2.5.0.tgz#cd9fb2a0aa1d5a12b473bd9fb96fa3dcff65ade2"
    integrity sha1-zZ+yoKodWhK0c72fuW+j3P9lreI=
    dependencies:
      psl "^1.1.28"
      punycode "^2.1.1"
  
  tr46@^1.0.1:
    version "1.0.1"
    resolved "https://registry.npm.taobao.org/tr46/download/tr46-1.0.1.tgz#a8b13fd6bfd2489519674ccde55ba3693b706d09"
    integrity sha1-qLE/1r/SSJUZZ0zN5VujaTtwbQk=
    dependencies:
      punycode "^2.1.0"
  
  tslib@^2.1.0:
    version "2.2.0"
    resolved "https://registry.npm.taobao.org/tslib/download/tslib-2.2.0.tgz?cache=0&sync_timestamp=1617647074515&other_urls=https%3A%2F%2Fregistry.npm.taobao.org%2Ftslib%2Fdownload%2Ftslib-2.2.0.tgz#fb2c475977e35e241311ede2693cee1ec6698f5c"
    integrity sha1-+yxHWXfjXiQTEe3iaTzuHsZpj1w=
  
  tunnel-agent@^0.6.0:
    version "0.6.0"
    resolved "https://registry.npm.taobao.org/tunnel-agent/download/tunnel-agent-0.6.0.tgz#27a5dea06b36b04a0a9966774b290868f0fc40fd"
    integrity sha1-J6XeoGs2sEoKmWZ3SykIaPD8QP0=
    dependencies:
      safe-buffer "^5.0.1"
  
  tweetnacl@^0.14.3, tweetnacl@~0.14.0:
    version "0.14.5"
    resolved "https://registry.npm.taobao.org/tweetnacl/download/tweetnacl-0.14.5.tgz#5ae68177f192d4456269d108afa93ff8743f4f64"
    integrity sha1-WuaBd/GS1EViadEIr6k/+HQ/T2Q=
  
  underscore@^1.8.3:
    version "1.13.0"
    resolved "https://registry.npm.taobao.org/underscore/download/underscore-1.13.0.tgz?cache=0&sync_timestamp=1617995387115&other_urls=https%3A%2F%2Fregistry.npm.taobao.org%2Funderscore%2Fdownload%2Funderscore-1.13.0.tgz#3ccdcbb824230fc6bf234ad0ddcd83dff4eafe5f"
    integrity sha1-PM3LuCQjD8a/I0rQ3c2D3/Tq/l8=
  
  uri-js@^4.2.2:
    version "4.4.1"
    resolved "https://registry.npm.taobao.org/uri-js/download/uri-js-4.4.1.tgz?cache=0&sync_timestamp=1610237624359&other_urls=https%3A%2F%2Fregistry.npm.taobao.org%2Furi-js%2Fdownload%2Furi-js-4.4.1.tgz#9b1a52595225859e55f669d928f88c6c57f2a77e"
    integrity sha1-mxpSWVIlhZ5V9mnZKPiMbFfyp34=
    dependencies:
      punycode "^2.1.0"
  
  util-deprecate@^1.0.1, util-deprecate@~1.0.1:
    version "1.0.2"
    resolved "https://registry.npm.taobao.org/util-deprecate/download/util-deprecate-1.0.2.tgz#450d4dc9fa70de732762fbd2d4a28981419a0ccf"
    integrity sha1-RQ1Nyfpw3nMnYvvS1KKJgUGaDM8=
  
  uuid@^3.0.0, uuid@^3.3.2:
    version "3.4.0"
    resolved "https://registry.npm.taobao.org/uuid/download/uuid-3.4.0.tgz#b23e4358afa8a202fe7a100af1f5f883f02007ee"
    integrity sha1-sj5DWK+oogL+ehAK8fX4g/AgB+4=
  
  valine@^1.4.14:
    version "1.4.14"
    resolved "https://registry.npm.taobao.org/valine/download/valine-1.4.14.tgz#771d103c0b87cb7aa2f0b6a4ad65cae795c92f3b"
    integrity sha1-dx0QPAuHy3qi8LakrWXK55XJLzs=
    dependencies:
      balajs "^1.0.7"
      balalaika "^1.0.1"
      element-closest "^3.0.2"
      leancloud-storage "^3.0.4"
      storejs "^1.0.25"
      xss "^1.0.6"
  
  verror@1.10.0:
    version "1.10.0"
    resolved "https://registry.npm.taobao.org/verror/download/verror-1.10.0.tgz#3a105ca17053af55d6e270c1f8288682e18da400"
    integrity sha1-OhBcoXBTr1XW4nDB+CiGguGNpAA=
    dependencies:
      assert-plus "^1.0.0"
      core-util-is "1.0.2"
      extsprintf "^1.2.0"
  
  vssue@^1.4.6, vssue@^1.4.7:
    version "1.4.7"
    resolved "https://registry.npm.taobao.org/vssue/download/vssue-1.4.7.tgz#d8b6fc3ddd6995ac1848ff7c99c281e079da30e4"
    integrity sha1-2Lb8Pd1plawYSP98mcKB4HnaMOQ=
    dependencies:
      "@vssue/utils" "^1.4.7"
      github-markdown-css "^3.0.1"
      vue "^2.6.10"
      vue-i18n "^8.11.2"
      vue-property-decorator "^8.1.1"
  
  vue-class-component@^7.1.0:
    version "7.2.6"
    resolved "https://registry.npm.taobao.org/vue-class-component/download/vue-class-component-7.2.6.tgz#8471e037b8e4762f5a464686e19e5afc708502e4"
    integrity sha1-hHHgN7jkdi9aRkaG4Z5a/HCFAuQ=
  
  vue-click-outside@1.1.0:
    version "1.1.0"
    resolved "https://registry.npm.taobao.org/vue-click-outside/download/vue-click-outside-1.1.0.tgz#48b7680b518923e701643cccb3e165854aad99eb"
    integrity sha1-SLdoC1GJI+cBZDzMs+FlhUqtmes=
  
  vue-demi@^0.5.3:
    version "0.5.4"
    resolved "https://registry.npm.taobao.org/vue-demi/download/vue-demi-0.5.4.tgz#cedb887af819ff0126c545a5540170d8895b816d"
    integrity sha1-ztuIevgZ/wEmxUWlVAFw2IlbgW0=
  
  vue-disqus@^3.0.5:
    version "3.0.5"
    resolved "https://registry.npm.taobao.org/vue-disqus/download/vue-disqus-3.0.5.tgz#8d0dd5cabdba7c47f82d129d2907a64366842fa8"
    integrity sha1-jQ3Vyr26fEf4LRKdKQemQ2aEL6g=
  
  vue-i18n@^8.11.2:
    version "8.24.3"
    resolved "https://registry.npm.taobao.org/vue-i18n/download/vue-i18n-8.24.3.tgz?cache=0&sync_timestamp=1617978542920&other_urls=https%3A%2F%2Fregistry.npm.taobao.org%2Fvue-i18n%2Fdownload%2Fvue-i18n-8.24.3.tgz#2233ae11ec59e8204df58a28fc41afe9754e3b41"
    integrity sha1-IjOuEexZ6CBN9Yoo/EGv6XVOO0E=
  
  vue-property-decorator@^8.1.1:
    version "8.5.1"
    resolved "https://registry.npm.taobao.org/vue-property-decorator/download/vue-property-decorator-8.5.1.tgz?cache=0&sync_timestamp=1615327572569&other_urls=https%3A%2F%2Fregistry.npm.taobao.org%2Fvue-property-decorator%2Fdownload%2Fvue-property-decorator-8.5.1.tgz#571a91cf8d2b507f537d79bf8275af3184572fff"
    integrity sha1-VxqRz40rUH9TfXm/gnWvMYRXL/8=
    dependencies:
      vue-class-component "^7.1.0"
  
  vue-property-decorator@^9.1.2:
    version "9.1.2"
    resolved "https://registry.npm.taobao.org/vue-property-decorator/download/vue-property-decorator-9.1.2.tgz?cache=0&sync_timestamp=1615327572569&other_urls=https%3A%2F%2Fregistry.npm.taobao.org%2Fvue-property-decorator%2Fdownload%2Fvue-property-decorator-9.1.2.tgz#266a2eac61ba6527e2e68a6933cfb98fddab5457"
    integrity sha1-JmourGG6ZSfi5oppM8+5j92rVFc=
  
  vue@^2.6.10, vue@^2.6.12:
    version "2.6.12"
    resolved "https://registry.npm.taobao.org/vue/download/vue-2.6.12.tgz#f5ebd4fa6bd2869403e29a896aed4904456c9123"
    integrity sha1-9evU+mvShpQD4pqJau1JBEVskSM=
  
  vuejs-paginate@^2.1.0:
    version "2.1.0"
    resolved "https://registry.npm.taobao.org/vuejs-paginate/download/vuejs-paginate-2.1.0.tgz#93e1ad1539b713a688c7a2d3080bda60fcc6c77d"
    integrity sha1-k+GtFTm3E6aIx6LTCAvaYPzGx30=
  
  vuepress-plugin-disqus@^0.2.0:
    version "0.2.0"
    resolved "https://registry.npm.taobao.org/vuepress-plugin-disqus/download/vuepress-plugin-disqus-0.2.0.tgz#0a5bde424f81e0185eda36fba23d7ac4cae6ff07"
    integrity sha1-ClveQk+B4Bhe2jb7oj16xMrm/wc=
    dependencies:
      vue-disqus "^3.0.5"
  
  vuepress-plugin-feed@^0.1.8:
    version "0.1.9"
    resolved "https://registry.npm.taobao.org/vuepress-plugin-feed/download/vuepress-plugin-feed-0.1.9.tgz#706fc381c1831c110d161b7e892057750c8904da"
    integrity sha1-cG/DgcGDHBENFht+iSBXdQyJBNo=
    dependencies:
      feed "2.0.4"
      lodash.defaultsdeep "4.6.1"
      lodash.isempty "4.4.0"
      lodash.trimend "^4.5.1"
      lodash.trimstart "^4.5.1"
      remove-markdown "0.3.0"
      striptags "3.1.1"
  
  vuepress-plugin-mailchimp@^1.4.1:
    version "1.4.2"
    resolved "https://registry.npm.taobao.org/vuepress-plugin-mailchimp/download/vuepress-plugin-mailchimp-1.4.2.tgz#373fa1df8f03a8993817b09ddfb8bd9d04a1c665"
    integrity sha1-Nz+h348DqJk4F7Cd37i9nQShxmU=
    dependencies:
      jsonp "^0.2.1"
      query-string "^6.9.0"
  
  vuepress-plugin-sitemap@^2.3.1:
    version "2.3.1"
    resolved "https://registry.npm.taobao.org/vuepress-plugin-sitemap/download/vuepress-plugin-sitemap-2.3.1.tgz#51298aca77a5de96396fdbd1103e1637dd61ae6a"
    integrity sha1-USmKynel3pY5b9vRED4WN91hrmo=
    dependencies:
      sitemap "^3.0.0"
  
  vuepress-plugin-smooth-scroll@^0.0.9:
    version "0.0.9"
    resolved "https://registry.npm.taobao.org/vuepress-plugin-smooth-scroll/download/vuepress-plugin-smooth-scroll-0.0.9.tgz#6c5d01db60def3d7b976b53404e56b97da9e8f39"
    integrity sha1-bF0B22De89e5drU0BOVrl9qejzk=
    dependencies:
      smoothscroll-polyfill "^0.4.4"
  
  vuepress-theme-reco@^1.6.6:
    version "1.6.6"
    resolved "https://registry.npm.taobao.org/vuepress-theme-reco/download/vuepress-theme-reco-1.6.6.tgz#f286f0000b1702b9511a439469c15b0d2b1e992d"
    integrity sha1-8obwAAsXArlRGkOUacFbDSsemS0=
    dependencies:
      "@vue/composition-api" "^1.0.0-beta.20"
      "@vuepress-reco/core" "^1.6.2"
      "@vuepress-reco/vuepress-plugin-back-to-top" "^1.6.0"
      "@vuepress-reco/vuepress-plugin-comments" "^1.6.0"
      "@vuepress-reco/vuepress-plugin-loading-page" "^1.6.0"
      "@vuepress-reco/vuepress-plugin-pagation" "^1.6.0"
      "@vuepress/plugin-blog" "1.9.2"
      "@vuepress/plugin-medium-zoom" "1.5.0"
      docsearch.js "2.6.3"
      md5 "2.2.1"
      vue-click-outside "1.1.0"
      vue-demi "^0.5.3"
      vuepress-plugin-smooth-scroll "^0.0.9"
  
  webidl-conversions@^4.0.2:
    version "4.0.2"
    resolved "https://registry.npm.taobao.org/webidl-conversions/download/webidl-conversions-4.0.2.tgz#a855980b1f0b6b359ba1d5d9fb39ae941faa63ad"
    integrity sha1-qFWYCx8LazWbodXZ+zmulB+qY60=
  
  whatwg-url@^7.0.0:
    version "7.1.0"
    resolved "https://registry.npm.taobao.org/whatwg-url/download/whatwg-url-7.1.0.tgz?cache=0&sync_timestamp=1616617970905&other_urls=https%3A%2F%2Fregistry.npm.taobao.org%2Fwhatwg-url%2Fdownload%2Fwhatwg-url-7.1.0.tgz#c2c492f1eca612988efd3d2266be1b9fc6170d06"
    integrity sha1-wsSS8eymEpiO/T0iZr4bn8YXDQY=
    dependencies:
      lodash.sortby "^4.7.0"
      tr46 "^1.0.1"
      webidl-conversions "^4.0.2"
  
  window-size@^0.1.4:
    version "0.1.4"
    resolved "https://registry.npm.taobao.org/window-size/download/window-size-0.1.4.tgz#f8e1aa1ee5a53ec5bf151ffa09742a6ad7697876"
    integrity sha1-+OGqHuWlPsW/FR/6CXQqatdpeHY=
  
  wrap-ansi@^2.0.0:
    version "2.1.0"
    resolved "https://registry.npm.taobao.org/wrap-ansi/download/wrap-ansi-2.1.0.tgz#d8fc3d284dd05794fe84973caecdd1cf824fdd85"
    integrity sha1-2Pw9KE3QV5T+hJc8rs3Rz4JP3YU=
    dependencies:
      string-width "^1.0.1"
      strip-ansi "^3.0.1"
  
  wrappy@1:
    version "1.0.2"
    resolved "https://registry.npm.taobao.org/wrappy/download/wrappy-1.0.2.tgz#b5243d8f3ec1aa35f1364605bc0d1036e30ab69f"
    integrity sha1-tSQ9jz7BqjXxNkYFvA0QNuMKtp8=
  
  ws@^5.2.2:
    version "5.2.2"
    resolved "https://registry.npm.taobao.org/ws/download/ws-5.2.2.tgz?cache=0&sync_timestamp=1615063746103&other_urls=https%3A%2F%2Fregistry.npm.taobao.org%2Fws%2Fdownload%2Fws-5.2.2.tgz#dffef14866b8e8dc9133582514d1befaf96e980f"
    integrity sha1-3/7xSGa46NyRM1glFNG++vlumA8=
    dependencies:
      async-limiter "~1.0.0"
  
  xml@^1.0.1:
    version "1.0.1"
    resolved "https://registry.npm.taobao.org/xml/download/xml-1.0.1.tgz#78ba72020029c5bc87b8a81a3cfcd74b4a2fc1e5"
    integrity sha1-eLpyAgApxbyHuKgaPPzXS0ovweU=
  
  xmlbuilder@^13.0.0:
    version "13.0.2"
    resolved "https://registry.npm.taobao.org/xmlbuilder/download/xmlbuilder-13.0.2.tgz#02ae33614b6a047d1c32b5389c1fdacb2bce47a7"
    integrity sha1-Aq4zYUtqBH0cMrU4nB/ayyvOR6c=
  
  xss@^1.0.6:
    version "1.0.8"
    resolved "https://registry.npm.taobao.org/xss/download/xss-1.0.8.tgz#32feb87feb74b3dcd3d404b7a68ababf10700535"
    integrity sha1-Mv64f+t0s9zT1AS3poq6vxBwBTU=
    dependencies:
      commander "^2.20.3"
      cssfilter "0.0.10"
  
  y18n@^3.2.0:
    version "3.2.2"
    resolved "https://registry.npm.taobao.org/y18n/download/y18n-3.2.2.tgz?cache=0&sync_timestamp=1617822684820&other_urls=https%3A%2F%2Fregistry.npm.taobao.org%2Fy18n%2Fdownload%2Fy18n-3.2.2.tgz#85c901bd6470ce71fc4bb723ad209b70f7f28696"
    integrity sha1-hckBvWRwznH8S7cjrSCbcPfyhpY=
  
  yallist@^4.0.0:
    version "4.0.0"
    resolved "https://registry.npm.taobao.org/yallist/download/yallist-4.0.0.tgz#9bb92790d9c0effec63be73519e11a35019a3a72"
    integrity sha1-m7knkNnA7/7GO+c1GeEaNQGaOnI=
  
  yargs@^3.10.0:
    version "3.32.0"
    resolved "https://registry.npm.taobao.org/yargs/download/yargs-3.32.0.tgz?cache=0&sync_timestamp=1617506423583&other_urls=https%3A%2F%2Fregistry.npm.taobao.org%2Fyargs%2Fdownload%2Fyargs-3.32.0.tgz#03088e9ebf9e756b69751611d2a5ef591482c995"
    integrity sha1-AwiOnr+edWtpdRYR0qXvWRSCyZU=
    dependencies:
      camelcase "^2.0.1"
      cliui "^3.0.3"
      decamelize "^1.1.1"
      os-locale "^1.4.0"
      string-width "^1.0.1"
      window-size "^0.1.4"
      y18n "^3.2.0"
  
  zepto@^1.2.0:
    version "1.2.0"
    resolved "https://registry.npm.taobao.org/zepto/download/zepto-1.2.0.tgz#e127bd9e66fd846be5eab48c1394882f7c0e4f98"
    integrity sha1-4Se9nmb9hGvl6rSME5SIL3wOT5g=
